2024-07-01 10:00:02,065 [INFO] Initiating arduino with usb nam: CH340
2024-07-01 10:00:02,074 [INFO] List of USB ports:
2024-07-01 10:00:02,074 [INFO] COM5 - USB Serial Device (COM5)
2024-07-01 10:00:02,074 [ERROR] No Arduino found
2024-07-01 10:00:33,862 [INFO] Initiating arduino with usb nam: CH340
2024-07-01 10:00:33,877 [INFO] List of USB ports:
2024-07-01 10:00:33,877 [INFO] COM5 - USB Serial Device (COM5)
2024-07-01 10:00:33,877 [ERROR] No Arduino found
2024-07-01 10:00:43,127 [INFO] Initiating arduino with usb nam: CH340
2024-07-01 10:00:43,127 [INFO] List of USB ports:
2024-07-01 10:00:43,127 [INFO] COM5 - USB Serial Device (COM5)
2024-07-01 10:00:43,143 [ERROR] No Arduino found
2024-07-01 10:01:04,156 [INFO] Initiating arduino with usb nam: CH340
2024-07-01 10:01:04,156 [INFO] List of USB ports:
2024-07-01 10:01:04,156 [INFO] COM5 - USB Serial Device (COM5)
2024-07-01 10:01:04,156 [ERROR] No Arduino found
2024-07-01 10:06:39,348 [INFO] Initiating arduino with usb nam: CH340
2024-07-01 10:06:39,369 [INFO] List of USB ports:
2024-07-01 10:06:39,370 [INFO] COM5 - USB Serial Device (COM5)
2024-07-01 10:06:39,370 [ERROR] No Arduino found
2024-07-01 10:07:32,164 [INFO] Initiating arduino with usb nam: CH340
2024-07-01 10:07:32,180 [INFO] List of USB ports:
2024-07-01 10:07:32,180 [INFO] COM5 - USB Serial Device (COM5)
2024-07-01 10:07:32,180 [INFO] COM6 - USB-SERIAL CH340 (COM6)
2024-07-01 10:07:32,180 [INFO] Arduino found on port: COM6
2024-07-01 10:07:41,192 [INFO] New run created with ID: 0ace4100-36d2-4c3c-9632-c83ed757de4c
2024-07-01 10:07:41,192 [INFO] Command URL: http://100.67.86.197:31950/runs/0ace4100-36d2-4c3c-9632-c83ed757de4c/commands
2024-07-01 10:07:41,192 [INFO] Loading pipette: p1000_single_gen2 on mount: right
2024-07-01 10:07:43,409 [INFO] Pipette loaded with name: p1000_single_gen2 and ID: 5fd05846-b029-4897-88ab-ef72fc86ce91
2024-07-01 10:07:43,432 [INFO] Loading custom labware: nistall_4_tiprack_1ul in slot: 10
2024-07-01 10:07:43,539 [INFO] Custome labware nistall_4_tiprack_1ul loaded in slot: 10 successfully.
2024-07-01 10:07:43,540 [INFO] Loading labware: nistall_4_tiprack_1ul in slot: 10
2024-07-01 10:07:43,617 [INFO] Labware loaded with name: nistall_4_tiprack_1ul and ID: 2da6d2be-4697-4dda-a9f3-82fae20c1c4a
2024-07-01 10:07:43,631 [INFO] Loading custom labware: nis_8_reservoir_25000ul in slot: 11
2024-07-01 10:07:43,699 [INFO] Custome labware nis_8_reservoir_25000ul loaded in slot: 11 successfully.
2024-07-01 10:07:43,699 [INFO] Loading labware: nis_8_reservoir_25000ul in slot: 11
2024-07-01 10:07:43,781 [INFO] Labware loaded with name: nis_8_reservoir_25000ul and ID: 3f446986-1d79-4e12-8a27-1a5f2a4e7a5c
2024-07-01 10:07:43,783 [INFO] Loading custom labware: nis_8_reservoir_25000ul in slot: 7
2024-07-01 10:07:43,850 [INFO] Custome labware nis_8_reservoir_25000ul loaded in slot: 7 successfully.
2024-07-01 10:07:43,863 [INFO] Loading labware: nis_8_reservoir_25000ul in slot: 7
2024-07-01 10:07:43,940 [INFO] Labware loaded with name: nis_8_reservoir_25000ul and ID: b6b18451-828e-4f90-87d9-eedade1805b1
2024-07-01 10:07:43,963 [INFO] Loading custom labware: nis_15_wellplate_3895ul in slot: 9
2024-07-01 10:07:44,032 [INFO] Custome labware nis_15_wellplate_3895ul loaded in slot: 9 successfully.
2024-07-01 10:07:44,047 [INFO] Loading labware: nis_15_wellplate_3895ul in slot: 9
2024-07-01 10:07:44,133 [INFO] Labware loaded with name: nis_15_wellplate_3895ul and ID: 51b5de28-ef72-47c2-beef-e9eaf61f6e3e
2024-07-01 10:07:44,151 [INFO] Loading custom labware: nis_2_wellplate_30000ul in slot: 3
2024-07-01 10:07:44,216 [INFO] Custome labware nis_2_wellplate_30000ul loaded in slot: 3 successfully.
2024-07-01 10:07:44,216 [INFO] Loading labware: nis_2_wellplate_30000ul in slot: 3
2024-07-01 10:07:44,296 [INFO] Labware loaded with name: nis_2_wellplate_30000ul and ID: d73ee4f9-061a-496a-b0c1-c6981e67874d
2024-07-01 10:07:44,296 [INFO] Loading labware: opentrons_96_tiprack_1000ul in slot: 1
2024-07-01 10:07:44,613 [INFO] Labware loaded with name: opentrons_96_tiprack_1000ul and ID: d0ef4970-9c50-42da-a289-dbc73cb80b74
2024-07-01 10:07:44,649 [INFO] Dispensing 5 ml from pump 5.
2024-07-01 10:07:44,649 [INFO] Turning on pump 5 for 9.3 seconds.
2024-07-01 10:07:44,649 [INFO] Switching relay 5 on for 9.3 seconds
2024-07-01 10:07:54,051 [INFO] Lights On: true
2024-07-01 10:07:54,082 [INFO] Light change successful.
2024-07-01 10:07:54,096 [INFO] Homing the robot
2024-07-01 10:08:07,010 [INFO] Robot homed successfully.
2024-07-01 10:08:07,010 [INFO] Lights On: false
2024-07-01 10:08:07,070 [INFO] Light change successful.
2024-07-01 10:08:09,736 [INFO] Initiating arduino with usb nam: CH340
2024-07-01 10:08:09,736 [INFO] List of USB ports:
2024-07-01 10:08:09,736 [INFO] COM5 - USB Serial Device (COM5)
2024-07-01 10:08:09,736 [INFO] COM6 - USB-SERIAL CH340 (COM6)
2024-07-01 10:08:09,753 [INFO] Arduino found on port: COM6
2024-07-01 10:08:18,132 [INFO] New run created with ID: ce2bd0bc-6db5-4112-a357-594cffd9379c
2024-07-01 10:08:18,132 [INFO] Command URL: http://100.67.86.197:31950/runs/ce2bd0bc-6db5-4112-a357-594cffd9379c/commands
2024-07-01 10:08:18,143 [INFO] Loading pipette: p1000_single_gen2 on mount: right
2024-07-01 10:08:20,386 [INFO] Pipette loaded with name: p1000_single_gen2 and ID: 686eba78-c07d-4722-bacd-c917de981bd2
2024-07-01 10:08:20,386 [INFO] Loading custom labware: nistall_4_tiprack_1ul in slot: 10
2024-07-01 10:08:20,510 [INFO] Custome labware nistall_4_tiprack_1ul loaded in slot: 10 successfully.
2024-07-01 10:08:20,510 [INFO] Loading labware: nistall_4_tiprack_1ul in slot: 10
2024-07-01 10:08:20,596 [INFO] Labware loaded with name: nistall_4_tiprack_1ul and ID: 1fa35995-e31a-4933-982f-2ff59af60021
2024-07-01 10:08:20,598 [INFO] Loading custom labware: nis_8_reservoir_25000ul in slot: 11
2024-07-01 10:08:20,698 [INFO] Custome labware nis_8_reservoir_25000ul loaded in slot: 11 successfully.
2024-07-01 10:08:20,699 [INFO] Loading labware: nis_8_reservoir_25000ul in slot: 11
2024-07-01 10:08:20,783 [INFO] Labware loaded with name: nis_8_reservoir_25000ul and ID: 90877c82-3544-432a-aaaa-740e7651ac30
2024-07-01 10:08:20,785 [INFO] Loading custom labware: nis_8_reservoir_25000ul in slot: 7
2024-07-01 10:08:20,862 [INFO] Custome labware nis_8_reservoir_25000ul loaded in slot: 7 successfully.
2024-07-01 10:08:20,863 [INFO] Loading labware: nis_8_reservoir_25000ul in slot: 7
2024-07-01 10:08:20,946 [INFO] Labware loaded with name: nis_8_reservoir_25000ul and ID: 5bb078fb-b5b8-4897-9b2b-e1188636f97d
2024-07-01 10:08:20,948 [INFO] Loading custom labware: nis_15_wellplate_3895ul in slot: 9
2024-07-01 10:08:21,028 [INFO] Custome labware nis_15_wellplate_3895ul loaded in slot: 9 successfully.
2024-07-01 10:08:21,028 [INFO] Loading labware: nis_15_wellplate_3895ul in slot: 9
2024-07-01 10:08:21,111 [INFO] Labware loaded with name: nis_15_wellplate_3895ul and ID: b16855cf-c84b-4ec4-9330-15c2bb05718b
2024-07-01 10:08:21,113 [INFO] Loading custom labware: nis_2_wellplate_30000ul in slot: 3
2024-07-01 10:08:21,180 [INFO] Custome labware nis_2_wellplate_30000ul loaded in slot: 3 successfully.
2024-07-01 10:08:21,180 [INFO] Loading labware: nis_2_wellplate_30000ul in slot: 3
2024-07-01 10:08:21,265 [INFO] Labware loaded with name: nis_2_wellplate_30000ul and ID: 5bdcf281-ec7f-4e9e-b0bf-5f62adf13a12
2024-07-01 10:08:21,266 [INFO] Loading labware: opentrons_96_tiprack_1000ul in slot: 1
2024-07-01 10:08:21,572 [INFO] Labware loaded with name: opentrons_96_tiprack_1000ul and ID: 03680281-7c1d-458b-b1a0-e925a00f8a68
2024-07-01 10:08:21,610 [INFO] Dispensing 5 ml from pump 5.
2024-07-01 10:08:21,611 [INFO] Turning on pump 5 for 9.3 seconds.
2024-07-01 10:08:21,611 [INFO] Switching relay 5 on for 9.3 seconds
2024-07-01 10:08:31,204 [INFO] Lights On: true
2024-07-01 10:08:31,252 [INFO] Light change successful.
2024-07-01 10:08:31,252 [INFO] Homing the robot
2024-07-01 10:08:44,126 [INFO] Robot homed successfully.
2024-07-01 10:08:44,127 [INFO] Lights On: false
2024-07-01 10:08:44,164 [INFO] Light change successful.
2024-07-01 10:09:12,381 [INFO] Initiating arduino with usb nam: CH340
2024-07-01 10:09:12,381 [INFO] List of USB ports:
2024-07-01 10:09:12,381 [INFO] COM5 - USB Serial Device (COM5)
2024-07-01 10:09:12,381 [INFO] COM6 - USB-SERIAL CH340 (COM6)
2024-07-01 10:09:12,381 [INFO] Arduino found on port: COM6
2024-07-01 10:09:20,763 [INFO] New run created with ID: 70283f4c-7989-4ba8-bc78-870cff3e5f5a
2024-07-01 10:09:20,763 [INFO] Command URL: http://100.67.86.197:31950/runs/70283f4c-7989-4ba8-bc78-870cff3e5f5a/commands
2024-07-01 10:09:20,763 [INFO] Loading pipette: p1000_single_gen2 on mount: right
2024-07-01 10:09:22,999 [INFO] Pipette loaded with name: p1000_single_gen2 and ID: eecae42c-197a-4479-a11a-3e5651c2e605
2024-07-01 10:09:22,999 [INFO] Loading custom labware: nistall_4_tiprack_1ul in slot: 10
2024-07-01 10:09:23,108 [INFO] Custome labware nistall_4_tiprack_1ul loaded in slot: 10 successfully.
2024-07-01 10:09:23,117 [INFO] Loading labware: nistall_4_tiprack_1ul in slot: 10
2024-07-01 10:09:23,205 [INFO] Labware loaded with name: nistall_4_tiprack_1ul and ID: 825647ba-31af-4e9f-ab4a-cd8c060358cd
2024-07-01 10:09:23,208 [INFO] Loading custom labware: nis_8_reservoir_25000ul in slot: 11
2024-07-01 10:09:23,278 [INFO] Custome labware nis_8_reservoir_25000ul loaded in slot: 11 successfully.
2024-07-01 10:09:23,278 [INFO] Loading labware: nis_8_reservoir_25000ul in slot: 11
2024-07-01 10:09:23,361 [INFO] Labware loaded with name: nis_8_reservoir_25000ul and ID: 5fcc6708-5250-4eaa-bec3-9372a11c2e18
2024-07-01 10:09:23,364 [INFO] Loading custom labware: nis_8_reservoir_25000ul in slot: 7
2024-07-01 10:09:23,442 [INFO] Custome labware nis_8_reservoir_25000ul loaded in slot: 7 successfully.
2024-07-01 10:09:23,443 [INFO] Loading labware: nis_8_reservoir_25000ul in slot: 7
2024-07-01 10:09:23,529 [INFO] Labware loaded with name: nis_8_reservoir_25000ul and ID: 2f2de145-dea0-423c-8759-bca0eaddf26d
2024-07-01 10:09:23,529 [INFO] Loading custom labware: nis_15_wellplate_3895ul in slot: 9
2024-07-01 10:09:23,613 [INFO] Custome labware nis_15_wellplate_3895ul loaded in slot: 9 successfully.
2024-07-01 10:09:23,613 [INFO] Loading labware: nis_15_wellplate_3895ul in slot: 9
2024-07-01 10:09:23,699 [INFO] Labware loaded with name: nis_15_wellplate_3895ul and ID: 1cd9fd05-2668-4227-bec2-29b1ed02b2ef
2024-07-01 10:09:23,701 [INFO] Loading custom labware: nis_2_wellplate_30000ul in slot: 3
2024-07-01 10:09:23,762 [INFO] Custome labware nis_2_wellplate_30000ul loaded in slot: 3 successfully.
2024-07-01 10:09:23,762 [INFO] Loading labware: nis_2_wellplate_30000ul in slot: 3
2024-07-01 10:09:23,842 [INFO] Labware loaded with name: nis_2_wellplate_30000ul and ID: 8962736f-7218-48c5-a1a4-9570e9ebfad0
2024-07-01 10:09:23,843 [INFO] Loading labware: opentrons_96_tiprack_1000ul in slot: 1
2024-07-01 10:09:24,167 [INFO] Labware loaded with name: opentrons_96_tiprack_1000ul and ID: 3382f3d9-b903-4dab-842c-9a8410bd7b93
2024-07-01 10:09:24,192 [INFO] Dispensing 5 ml from pump 3.
2024-07-01 10:09:24,192 [INFO] Turning on pump 3 for 11.2 seconds.
2024-07-01 10:09:24,192 [INFO] Switching relay 3 on for 11.2 seconds
2024-07-01 10:09:36,704 [INFO] Dispensing 5 ml from pump 4.
2024-07-01 10:09:36,704 [INFO] Turning on pump 4 for 9.3 seconds.
2024-07-01 10:09:36,704 [INFO] Switching relay 4 on for 9.3 seconds
2024-07-01 10:09:47,409 [INFO] Dispensing 5 ml from pump 3.
2024-07-01 10:09:47,409 [INFO] Turning on pump 3 for 11.2 seconds.
2024-07-01 10:09:47,409 [INFO] Switching relay 3 on for 11.2 seconds
2024-07-01 10:10:00,006 [INFO] Dispensing 5 ml from pump 5.
2024-07-01 10:10:00,006 [INFO] Turning on pump 5 for 9.3 seconds.
2024-07-01 10:10:00,006 [INFO] Switching relay 5 on for 9.3 seconds
2024-07-01 10:10:10,693 [INFO] Dispensing 5 ml from pump 3.
2024-07-01 10:10:10,693 [INFO] Turning on pump 3 for 11.2 seconds.
2024-07-01 10:10:10,693 [INFO] Switching relay 3 on for 11.2 seconds
2024-07-01 10:10:23,326 [INFO] Lights On: true
2024-07-01 10:10:23,373 [INFO] Light change successful.
2024-07-01 10:10:23,373 [INFO] Homing the robot
2024-07-01 10:10:36,321 [INFO] Robot homed successfully.
2024-07-01 10:10:36,334 [INFO] Lights On: false
2024-07-01 10:10:36,360 [INFO] Light change successful.
2024-07-01 10:10:55,554 [INFO] Initiating arduino with usb nam: CH340
2024-07-01 10:10:55,559 [INFO] List of USB ports:
2024-07-01 10:10:55,560 [INFO] COM5 - USB Serial Device (COM5)
2024-07-01 10:10:55,560 [INFO] COM6 - USB-SERIAL CH340 (COM6)
2024-07-01 10:10:55,562 [INFO] Arduino found on port: COM6
2024-07-01 10:11:04,221 [INFO] New run created with ID: d9ff0f39-ce03-4ff5-971f-70a4604f74ff
2024-07-01 10:11:04,221 [INFO] Command URL: http://100.67.86.197:31950/runs/d9ff0f39-ce03-4ff5-971f-70a4604f74ff/commands
2024-07-01 10:11:04,221 [INFO] Loading pipette: p1000_single_gen2 on mount: right
2024-07-01 10:11:06,422 [INFO] Pipette loaded with name: p1000_single_gen2 and ID: 8c0d721f-cc89-4813-a6ef-749a976d3486
2024-07-01 10:11:06,422 [INFO] Loading custom labware: nistall_4_tiprack_1ul in slot: 10
2024-07-01 10:11:07,535 [INFO] Custome labware nistall_4_tiprack_1ul loaded in slot: 10 successfully.
2024-07-01 10:11:07,535 [INFO] Loading labware: nistall_4_tiprack_1ul in slot: 10
2024-07-01 10:11:07,604 [INFO] Labware loaded with name: nistall_4_tiprack_1ul and ID: de3a39f9-af11-4fbe-93ae-2d9920f33ffa
2024-07-01 10:11:07,604 [INFO] Loading custom labware: nis_8_reservoir_25000ul in slot: 11
2024-07-01 10:11:07,687 [INFO] Custome labware nis_8_reservoir_25000ul loaded in slot: 11 successfully.
2024-07-01 10:11:07,687 [INFO] Loading labware: nis_8_reservoir_25000ul in slot: 11
2024-07-01 10:11:07,753 [INFO] Labware loaded with name: nis_8_reservoir_25000ul and ID: 84b38160-fa78-4478-bd24-2d57b89cdf9c
2024-07-01 10:11:07,753 [INFO] Loading custom labware: nis_8_reservoir_25000ul in slot: 7
2024-07-01 10:11:07,822 [INFO] Custome labware nis_8_reservoir_25000ul loaded in slot: 7 successfully.
2024-07-01 10:11:07,822 [INFO] Loading labware: nis_8_reservoir_25000ul in slot: 7
2024-07-01 10:11:07,904 [INFO] Labware loaded with name: nis_8_reservoir_25000ul and ID: bcdc932e-772c-4e51-8ff2-b65084f8c218
2024-07-01 10:11:07,904 [INFO] Loading custom labware: nis_15_wellplate_3895ul in slot: 9
2024-07-01 10:11:07,988 [INFO] Custome labware nis_15_wellplate_3895ul loaded in slot: 9 successfully.
2024-07-01 10:11:07,988 [INFO] Loading labware: nis_15_wellplate_3895ul in slot: 9
2024-07-01 10:11:08,070 [INFO] Labware loaded with name: nis_15_wellplate_3895ul and ID: 56e1f077-1b33-465e-af32-d491ef983437
2024-07-01 10:11:08,070 [INFO] Loading custom labware: nis_2_wellplate_30000ul in slot: 3
2024-07-01 10:11:08,152 [INFO] Custome labware nis_2_wellplate_30000ul loaded in slot: 3 successfully.
2024-07-01 10:11:08,153 [INFO] Loading labware: nis_2_wellplate_30000ul in slot: 3
2024-07-01 10:11:08,221 [INFO] Labware loaded with name: nis_2_wellplate_30000ul and ID: 80cc4b2e-0670-4ece-9edd-6facf1a7c9dc
2024-07-01 10:11:08,221 [INFO] Loading labware: opentrons_96_tiprack_1000ul in slot: 1
2024-07-01 10:11:08,528 [INFO] Labware loaded with name: opentrons_96_tiprack_1000ul and ID: c2458b3a-8f00-46d8-9198-2b5a0d61dc9c
2024-07-01 10:11:08,544 [INFO] Dispensing 1 ml from pump 1.
2024-07-01 10:11:08,544 [INFO] Turning on pump 1 for 2.2 seconds.
2024-07-01 10:11:08,544 [INFO] Switching relay 1 on for 2.2 seconds
2024-07-01 10:11:11,451 [INFO] Dispensing 1 ml from pump 2.
2024-07-01 10:11:11,451 [INFO] Turning on pump 2 for 2.0 seconds.
2024-07-01 10:11:11,451 [INFO] Switching relay 2 on for 2.0 seconds
2024-07-01 10:11:15,671 [INFO] Lights On: true
2024-07-01 10:11:15,709 [INFO] Light change successful.
2024-07-01 10:11:15,709 [INFO] Homing the robot
2024-07-01 10:11:28,662 [INFO] Robot homed successfully.
2024-07-01 10:11:28,662 [INFO] Lights On: false
2024-07-01 10:11:28,705 [INFO] Light change successful.
