2024-06-19 16:17:33,574 [INFO] List of USB ports:
2024-06-19 16:17:33,574 [INFO] /dev/cu.FairphoneEarbuds - n/a
2024-06-19 16:17:33,574 [INFO] /dev/cu.DoroDFC-0310 - n/a
2024-06-19 16:17:33,574 [INFO] /dev/cu.JabraFREEWAYv570 - n/a
2024-06-19 16:17:33,574 [INFO] /dev/cu.Bluetooth-Incoming-Port - n/a
2024-06-19 16:17:33,574 [INFO] /dev/cu.usbserial-110 - USB Serial
2024-06-19 16:17:33,574 [ERROR] No Arduino found
2024-06-19 16:17:41,331 [INFO] List of USB ports:
2024-06-19 16:17:41,331 [INFO] /dev/cu.FairphoneEarbuds - n/a
2024-06-19 16:17:41,331 [INFO] /dev/cu.DoroDFC-0310 - n/a
2024-06-19 16:17:41,331 [INFO] /dev/cu.JabraFREEWAYv570 - n/a
2024-06-19 16:17:41,331 [INFO] /dev/cu.Bluetooth-Incoming-Port - n/a
2024-06-19 16:17:41,331 [INFO] /dev/cu.usbserial-110 - USB Serial
2024-06-19 16:17:41,331 [ERROR] No Arduino found
2024-06-19 16:18:32,547 [INFO] List of USB ports:
2024-06-19 16:18:32,547 [INFO] /dev/cu.FairphoneEarbuds - n/a
2024-06-19 16:18:32,547 [INFO] /dev/cu.DoroDFC-0310 - n/a
2024-06-19 16:18:32,547 [INFO] /dev/cu.JabraFREEWAYv570 - n/a
2024-06-19 16:18:32,547 [INFO] /dev/cu.Bluetooth-Incoming-Port - n/a
2024-06-19 16:18:32,547 [ERROR] No Arduino found
2024-06-19 16:18:35,734 [INFO] List of USB ports:
2024-06-19 16:18:35,734 [INFO] /dev/cu.FairphoneEarbuds - n/a
2024-06-19 16:18:35,734 [INFO] /dev/cu.DoroDFC-0310 - n/a
2024-06-19 16:18:35,735 [INFO] /dev/cu.JabraFREEWAYv570 - n/a
2024-06-19 16:18:35,735 [INFO] /dev/cu.Bluetooth-Incoming-Port - n/a
2024-06-19 16:18:35,735 [ERROR] No Arduino found
2024-06-19 16:18:54,214 [INFO] List of USB ports:
2024-06-19 16:18:54,214 [INFO] /dev/cu.FairphoneEarbuds - n/a
2024-06-19 16:18:54,214 [INFO] /dev/cu.DoroDFC-0310 - n/a
2024-06-19 16:18:54,214 [INFO] /dev/cu.JabraFREEWAYv570 - n/a
2024-06-19 16:18:54,214 [INFO] /dev/cu.Bluetooth-Incoming-Port - n/a
2024-06-19 16:18:54,214 [INFO] /dev/cu.usbserial-110 - USB Serial
2024-06-19 16:18:54,238 [INFO] Arduino found on port: /dev/cu.usbserial-110
2024-06-19 16:18:58,442 [INFO] Set temperature to 35 C
2024-06-19 16:19:12,433 [INFO] Turning on pump 0 for 0.5 seconds.
2024-06-19 16:19:12,433 [INFO] Switching relay 0 on for 0.5 seconds
2024-06-19 16:19:14,416 [INFO] Turning on pump 0 for 1 seconds.
2024-06-19 16:19:14,416 [INFO] Switching relay 0 on for 1 seconds
2024-06-19 16:19:16,698 [INFO] Turning on pump 0 for 2 seconds.
2024-06-19 16:19:16,699 [INFO] Switching relay 0 on for 2 seconds
2024-06-19 16:19:21,910 [INFO] Turning on pump 0 for 5 seconds.
2024-06-19 16:19:21,911 [INFO] Switching relay 0 on for 5 seconds
2024-06-19 16:19:29,854 [INFO] Turning on pump 0 for 10 seconds.
2024-06-19 16:19:29,854 [INFO] Switching relay 0 on for 10 seconds
2024-06-19 16:19:43,662 [INFO] Turning on pump 0 for 15 seconds.
2024-06-19 16:19:43,663 [INFO] Switching relay 0 on for 15 seconds
2024-06-19 16:21:17,981 [INFO] List of USB ports:
2024-06-19 16:21:17,981 [INFO] /dev/cu.FairphoneEarbuds - n/a
2024-06-19 16:21:17,981 [INFO] /dev/cu.DoroDFC-0310 - n/a
2024-06-19 16:21:17,981 [INFO] /dev/cu.JabraFREEWAYv570 - n/a
2024-06-19 16:21:17,981 [INFO] /dev/cu.Bluetooth-Incoming-Port - n/a
2024-06-19 16:21:17,981 [INFO] /dev/cu.usbserial-110 - USB Serial
2024-06-19 16:21:17,981 [ERROR] No Arduino found
2024-06-19 16:21:27,343 [INFO] List of USB ports:
2024-06-19 16:21:27,343 [INFO] /dev/cu.FairphoneEarbuds - n/a
2024-06-19 16:21:27,343 [INFO] /dev/cu.DoroDFC-0310 - n/a
2024-06-19 16:21:27,343 [INFO] /dev/cu.JabraFREEWAYv570 - n/a
2024-06-19 16:21:27,343 [INFO] /dev/cu.Bluetooth-Incoming-Port - n/a
2024-06-19 16:21:27,343 [INFO] /dev/cu.usbserial-110 - USB Serial
2024-06-19 16:21:27,366 [INFO] Arduino found on port: /dev/cu.usbserial-110
2024-06-19 16:21:31,573 [INFO] Set temperature to 35 C
2024-06-19 16:21:39,887 [INFO] List of USB ports:
2024-06-19 16:21:39,887 [INFO] /dev/cu.FairphoneEarbuds - n/a
2024-06-19 16:21:39,888 [INFO] /dev/cu.DoroDFC-0310 - n/a
2024-06-19 16:21:39,888 [INFO] /dev/cu.JabraFREEWAYv570 - n/a
2024-06-19 16:21:39,888 [INFO] /dev/cu.Bluetooth-Incoming-Port - n/a
2024-06-19 16:21:39,888 [INFO] /dev/cu.usbserial-110 - USB Serial
2024-06-19 16:21:39,910 [INFO] Arduino found on port: /dev/cu.usbserial-110
2024-06-19 16:21:44,115 [INFO] Set temperature to 35 C
2024-06-19 16:21:47,790 [INFO] Turning on pump 5 for 0.5 seconds.
2024-06-19 16:21:47,790 [INFO] Switching relay 5 on for 0.5 seconds
2024-06-19 16:21:50,368 [INFO] Turning on pump 5 for 1 seconds.
2024-06-19 16:21:50,368 [INFO] Switching relay 5 on for 1 seconds
2024-06-19 16:22:15,614 [INFO] List of USB ports:
2024-06-19 16:22:15,614 [INFO] /dev/cu.FairphoneEarbuds - n/a
2024-06-19 16:22:15,614 [INFO] /dev/cu.DoroDFC-0310 - n/a
2024-06-19 16:22:15,614 [INFO] /dev/cu.JabraFREEWAYv570 - n/a
2024-06-19 16:22:15,614 [INFO] /dev/cu.Bluetooth-Incoming-Port - n/a
2024-06-19 16:22:15,615 [INFO] /dev/cu.usbserial-110 - USB Serial
2024-06-19 16:22:15,637 [INFO] Arduino found on port: /dev/cu.usbserial-110
2024-06-19 16:22:19,127 [INFO] Set temperature to 35 C
