2024-05-11 15:06:05,635 [INFO] List of USB ports: /dev/cu.FairphoneEarbuds - n/a
2024-05-11 15:06:05,635 [INFO] List of USB ports: /dev/cu.DoroDFC-0310 - n/a
2024-05-11 15:06:05,635 [INFO] List of USB ports: /dev/cu.JabraFREEWAYv570 - n/a
2024-05-11 15:06:05,635 [INFO] List of USB ports: /dev/cu.Bluetooth-Incoming-Port - n/a
2024-05-11 15:06:05,635 [INFO] List of USB ports: /dev/cu.usbserial-110 - USB Serial
2024-05-11 15:06:05,659 [INFO] Arduino found on port: /dev/cu.usbserial-110
2024-05-11 15:07:04,202 [INFO] List of USB ports:
2024-05-11 15:07:04,202 [INFO] /dev/cu.FairphoneEarbuds - n/a
2024-05-11 15:07:04,202 [INFO] /dev/cu.DoroDFC-0310 - n/a
2024-05-11 15:07:04,202 [INFO] /dev/cu.JabraFREEWAYv570 - n/a
2024-05-11 15:07:04,202 [INFO] /dev/cu.Bluetooth-Incoming-Port - n/a
2024-05-11 15:07:04,202 [INFO] /dev/cu.usbserial-110 - USB Serial
2024-05-11 15:07:04,230 [INFO] Arduino found on port: /dev/cu.usbserial-110
2024-05-11 15:11:12,286 [INFO] List of USB ports:
2024-05-11 15:11:12,287 [INFO] /dev/cu.FairphoneEarbuds - n/a
2024-05-11 15:11:12,287 [INFO] /dev/cu.DoroDFC-0310 - n/a
2024-05-11 15:11:12,287 [INFO] /dev/cu.JabraFREEWAYv570 - n/a
2024-05-11 15:11:12,287 [INFO] /dev/cu.Bluetooth-Incoming-Port - n/a
2024-05-11 15:11:12,287 [ERROR] No Arduino found
2024-05-11 15:11:21,670 [INFO] List of USB ports:
2024-05-11 15:11:21,670 [INFO] /dev/cu.FairphoneEarbuds - n/a
2024-05-11 15:11:21,670 [INFO] /dev/cu.DoroDFC-0310 - n/a
2024-05-11 15:11:21,670 [INFO] /dev/cu.JabraFREEWAYv570 - n/a
2024-05-11 15:11:21,670 [INFO] /dev/cu.Bluetooth-Incoming-Port - n/a
2024-05-11 15:11:21,670 [INFO] /dev/cu.usbserial-110 - USB Serial
2024-05-11 15:11:21,697 [INFO] Arduino found on port: /dev/cu.usbserial-110
2024-05-11 15:11:23,735 [INFO] Waiting for arduino to respond
2024-05-11 15:11:23,736 [INFO] Booting temperature sensors

2024-05-11 15:11:24,738 [INFO] Temperature sensor 0: 0 C
2024-05-11 15:11:32,062 [INFO] List of USB ports:
2024-05-11 15:11:32,062 [INFO] /dev/cu.FairphoneEarbuds - n/a
2024-05-11 15:11:32,063 [INFO] /dev/cu.DoroDFC-0310 - n/a
2024-05-11 15:11:32,063 [INFO] /dev/cu.JabraFREEWAYv570 - n/a
2024-05-11 15:11:32,063 [INFO] /dev/cu.Bluetooth-Incoming-Port - n/a
2024-05-11 15:11:32,063 [INFO] /dev/cu.usbserial-110 - USB Serial
2024-05-11 15:11:32,091 [INFO] Arduino found on port: /dev/cu.usbserial-110
2024-05-11 15:11:34,117 [INFO] Waiting for arduino to respond
2024-05-11 15:11:34,118 [INFO] Booting temperature sensors

2024-05-11 15:11:35,124 [INFO] Temperature sensor 0: 0 C
2024-05-11 15:12:00,500 [INFO] List of USB ports:
2024-05-11 15:12:00,500 [INFO] /dev/cu.FairphoneEarbuds - n/a
2024-05-11 15:12:00,500 [INFO] /dev/cu.DoroDFC-0310 - n/a
2024-05-11 15:12:00,500 [INFO] /dev/cu.JabraFREEWAYv570 - n/a
2024-05-11 15:12:00,500 [INFO] /dev/cu.Bluetooth-Incoming-Port - n/a
2024-05-11 15:12:00,500 [INFO] /dev/cu.usbserial-110 - USB Serial
2024-05-11 15:12:00,529 [INFO] Arduino found on port: /dev/cu.usbserial-110
2024-05-11 15:12:02,566 [INFO] Waiting for arduino to respond
2024-05-11 15:12:02,567 [INFO] Booting temperature sensors

2024-05-11 15:12:03,573 [INFO] Temperature sensor 0: 0 C
2024-05-11 15:12:58,128 [INFO] List of USB ports:
2024-05-11 15:12:58,128 [INFO] /dev/cu.FairphoneEarbuds - n/a
2024-05-11 15:12:58,128 [INFO] /dev/cu.DoroDFC-0310 - n/a
2024-05-11 15:12:58,128 [INFO] /dev/cu.JabraFREEWAYv570 - n/a
2024-05-11 15:12:58,128 [INFO] /dev/cu.Bluetooth-Incoming-Port - n/a
2024-05-11 15:12:58,128 [INFO] /dev/cu.usbserial-110 - USB Serial
2024-05-11 15:12:58,152 [INFO] Arduino found on port: /dev/cu.usbserial-110
2024-05-11 15:13:00,177 [INFO] Waiting for arduino to respond
2024-05-11 15:13:00,178 [INFO] Booting temperature sensors

2024-05-11 15:13:01,180 [INFO] Temperature sensor 0: 0 C
2024-05-11 15:14:52,113 [INFO] List of USB ports:
2024-05-11 15:14:52,113 [INFO] /dev/cu.FairphoneEarbuds - n/a
2024-05-11 15:14:52,113 [INFO] /dev/cu.DoroDFC-0310 - n/a
2024-05-11 15:14:52,113 [INFO] /dev/cu.JabraFREEWAYv570 - n/a
2024-05-11 15:14:52,113 [INFO] /dev/cu.Bluetooth-Incoming-Port - n/a
2024-05-11 15:14:52,113 [INFO] /dev/cu.usbserial-110 - USB Serial
2024-05-11 15:14:52,154 [INFO] Arduino found on port: /dev/cu.usbserial-110
2024-05-11 15:14:57,528 [INFO] Temperature sensor 0: 2.212 C
2024-05-11 15:15:36,549 [INFO] List of USB ports:
2024-05-11 15:15:36,549 [INFO] /dev/cu.FairphoneEarbuds - n/a
2024-05-11 15:15:36,549 [INFO] /dev/cu.DoroDFC-0310 - n/a
2024-05-11 15:15:36,549 [INFO] /dev/cu.JabraFREEWAYv570 - n/a
2024-05-11 15:15:36,549 [INFO] /dev/cu.Bluetooth-Incoming-Port - n/a
2024-05-11 15:15:36,549 [INFO] /dev/cu.usbserial-110 - USB Serial
2024-05-11 15:15:36,572 [INFO] Arduino found on port: /dev/cu.usbserial-110
2024-05-11 15:15:41,945 [INFO] Temperature sensor 0: 22.12 C
2024-05-11 15:25:44,443 [INFO] List of USB ports:
2024-05-11 15:25:44,443 [INFO] /dev/cu.FairphoneEarbuds - n/a
2024-05-11 15:25:44,443 [INFO] /dev/cu.DoroDFC-0310 - n/a
2024-05-11 15:25:44,443 [INFO] /dev/cu.JabraFREEWAYv570 - n/a
2024-05-11 15:25:44,443 [INFO] /dev/cu.Bluetooth-Incoming-Port - n/a
2024-05-11 15:25:44,443 [INFO] /dev/cu.usbserial-110 - USB Serial
2024-05-11 15:25:44,466 [INFO] Arduino found on port: /dev/cu.usbserial-110
2024-05-11 15:25:49,841 [INFO] Temperature sensor 0: 22.31 C
2024-05-11 15:26:19,846 [INFO] Waiting for arduino to respond
2024-05-11 15:26:49,851 [INFO] 
2024-05-11 15:28:09,699 [INFO] List of USB ports:
2024-05-11 15:28:09,699 [INFO] /dev/cu.FairphoneEarbuds - n/a
2024-05-11 15:28:09,699 [INFO] /dev/cu.DoroDFC-0310 - n/a
2024-05-11 15:28:09,699 [INFO] /dev/cu.JabraFREEWAYv570 - n/a
2024-05-11 15:28:09,699 [INFO] /dev/cu.Bluetooth-Incoming-Port - n/a
2024-05-11 15:28:09,699 [INFO] /dev/cu.usbserial-110 - USB Serial
2024-05-11 15:28:09,729 [INFO] Arduino found on port: /dev/cu.usbserial-110
2024-05-11 15:28:15,105 [INFO] Temperature sensor 0: 22.31 C
2024-05-11 15:28:19,816 [INFO] Temperature sensor 1: 22.12 C
2024-05-11 15:28:24,534 [INFO] Ambient temperature sensor 0: 23.31 C
2024-05-11 15:28:29,249 [INFO] Ambient temperature sensor 1: 23.25 C
2024-05-11 15:32:16,738 [INFO] List of USB ports:
2024-05-11 15:32:16,738 [INFO] /dev/cu.FairphoneEarbuds - n/a
2024-05-11 15:32:16,738 [INFO] /dev/cu.DoroDFC-0310 - n/a
2024-05-11 15:32:16,738 [INFO] /dev/cu.JabraFREEWAYv570 - n/a
2024-05-11 15:32:16,738 [INFO] /dev/cu.Bluetooth-Incoming-Port - n/a
2024-05-11 15:32:16,738 [INFO] /dev/cu.usbserial-110 - USB Serial
2024-05-11 15:32:16,765 [INFO] Arduino found on port: /dev/cu.usbserial-110
2024-05-11 15:32:22,137 [INFO] Temperature sensor 0: 22.31 C
2024-05-11 15:32:22,139 [INFO] Waiting for arduino to respond
2024-05-11 15:32:25,850 [INFO] 22.06

2024-05-11 15:32:26,856 [INFO] Temperature sensor 1: 0 C
2024-05-11 15:32:31,565 [INFO] Ambient temperature sensor 0: 23.25 C
2024-05-11 15:32:31,567 [INFO] Waiting for arduino to respond
2024-05-11 15:32:35,279 [INFO] 23.25

2024-05-11 15:33:06,286 [INFO] Ambient temperature sensor 1: 0 C
2024-05-11 15:40:00,691 [INFO] List of USB ports:
2024-05-11 15:40:00,692 [INFO] /dev/cu.FairphoneEarbuds - n/a
2024-05-11 15:40:00,692 [INFO] /dev/cu.DoroDFC-0310 - n/a
2024-05-11 15:40:00,692 [INFO] /dev/cu.JabraFREEWAYv570 - n/a
2024-05-11 15:40:00,692 [INFO] /dev/cu.Bluetooth-Incoming-Port - n/a
2024-05-11 15:40:00,692 [INFO] /dev/cu.usbserial-110 - USB Serial
2024-05-11 15:40:00,721 [INFO] Arduino found on port: /dev/cu.usbserial-110
2024-05-11 15:40:02,750 [INFO] Reading sample temperature sensor 0
2024-05-11 15:40:06,095 [INFO] Temperature sensor 0: 22.31 C
2024-05-11 15:40:06,097 [INFO] Reading sample temperature sensor 1
2024-05-11 15:40:06,099 [INFO] Waiting for arduino to respond
2024-05-11 15:40:09,805 [INFO] 22.06

2024-05-11 15:40:10,810 [INFO] Temperature sensor 0: 0 C
2024-05-11 15:40:10,811 [INFO] Reading ambient temperature sensor 0
2024-05-11 15:40:15,523 [INFO] Temperature sensor 0: 23.19 C
2024-05-11 15:40:15,524 [INFO] Reading ambient temperature sensor 1
2024-05-11 15:40:15,525 [INFO] Waiting for arduino to respond
2024-05-11 15:40:19,234 [INFO] 23.25

2024-05-11 15:40:50,242 [INFO] Temperature sensor 0: 0 C
2024-05-11 15:41:59,393 [INFO] List of USB ports:
2024-05-11 15:41:59,393 [INFO] /dev/cu.FairphoneEarbuds - n/a
2024-05-11 15:41:59,393 [INFO] /dev/cu.DoroDFC-0310 - n/a
2024-05-11 15:41:59,393 [INFO] /dev/cu.JabraFREEWAYv570 - n/a
2024-05-11 15:41:59,393 [INFO] /dev/cu.Bluetooth-Incoming-Port - n/a
2024-05-11 15:41:59,393 [INFO] /dev/cu.usbserial-110 - USB Serial
2024-05-11 15:41:59,418 [INFO] Arduino found on port: /dev/cu.usbserial-110
2024-05-11 15:42:01,444 [INFO] Reading sample temperature sensor 0
2024-05-11 15:42:03,790 [INFO] Temperature sensor: 22.31 C
2024-05-11 15:42:03,791 [INFO] Reading sample temperature sensor 1
2024-05-11 15:42:03,792 [INFO] Waiting for arduino to respond
2024-05-11 15:42:08,505 [INFO] Temperature sensor: 22.0 C
2024-05-11 15:42:08,506 [INFO] Reading ambient temperature sensor 0
2024-05-11 15:42:08,507 [INFO] Waiting for arduino to respond
2024-05-11 15:42:13,221 [INFO] Temperature sensor: 23.25 C
2024-05-11 15:42:13,222 [INFO] Reading ambient temperature sensor 1
2024-05-11 15:42:13,223 [INFO] Waiting for arduino to respond
2024-05-11 15:42:17,936 [INFO] Temperature sensor: 23.25 C
2024-05-13 11:28:19,976 [INFO] List of USB ports:
2024-05-13 11:28:19,976 [INFO] /dev/cu.FairphoneEarbuds - n/a
2024-05-13 11:28:19,976 [INFO] /dev/cu.DoroDFC-0310 - n/a
2024-05-13 11:28:19,976 [INFO] /dev/cu.JabraFREEWAYv570 - n/a
2024-05-13 11:28:19,976 [INFO] /dev/cu.Bluetooth-Incoming-Port - n/a
2024-05-13 11:28:19,976 [INFO] /dev/cu.usbserial-10 - USB Serial
2024-05-13 11:28:19,999 [INFO] Arduino found on port: /dev/cu.usbserial-10
2024-05-13 11:28:22,022 [INFO] Reading sample temperature sensor 0
2024-05-13 11:28:24,368 [INFO] Temperature sensor: 21.0 C
2024-05-13 11:28:24,368 [INFO] Reading sample temperature sensor 1
2024-05-13 11:28:24,369 [INFO] Waiting for arduino to respond
2024-05-13 11:28:29,082 [INFO] Temperature sensor: 20.62 C
2024-05-13 11:28:29,083 [INFO] Reading ambient temperature sensor 0
2024-05-13 11:28:29,085 [INFO] Waiting for arduino to respond
2024-05-13 11:28:33,798 [INFO] Temperature sensor: 22.0 C
2024-05-13 11:28:33,798 [INFO] Reading ambient temperature sensor 1
2024-05-13 11:28:33,799 [INFO] Waiting for arduino to respond
2024-05-13 11:28:38,512 [INFO] Temperature sensor: 21.94 C
2024-05-13 11:28:38,513 [INFO] Switching relay 0 on
2024-05-13 11:30:08,798 [INFO] List of USB ports:
2024-05-13 11:30:08,798 [INFO] /dev/cu.FairphoneEarbuds - n/a
2024-05-13 11:30:08,798 [INFO] /dev/cu.DoroDFC-0310 - n/a
2024-05-13 11:30:08,798 [INFO] /dev/cu.JabraFREEWAYv570 - n/a
2024-05-13 11:30:08,798 [INFO] /dev/cu.Bluetooth-Incoming-Port - n/a
2024-05-13 11:30:08,798 [INFO] /dev/cu.usbserial-10 - USB Serial
2024-05-13 11:30:08,820 [INFO] Arduino found on port: /dev/cu.usbserial-10
2024-05-13 11:30:10,845 [INFO] Reading sample temperature sensor 0
2024-05-13 11:30:13,189 [INFO] Temperature sensor: 21.06 C
2024-05-13 11:30:13,190 [INFO] Reading sample temperature sensor 1
2024-05-13 11:30:13,191 [INFO] Waiting for arduino to respond
2024-05-13 11:30:15,907 [INFO] Temperature sensor: 20.62 C
2024-05-13 11:30:15,909 [INFO] Reading ambient temperature sensor 0
2024-05-13 11:30:15,910 [INFO] Waiting for arduino to respond
2024-05-13 11:30:18,625 [INFO] Temperature sensor: 22.0 C
2024-05-13 11:30:18,626 [INFO] Reading ambient temperature sensor 1
2024-05-13 11:30:18,627 [INFO] Waiting for arduino to respond
2024-05-13 11:30:21,343 [INFO] Temperature sensor: 21.87 C
2024-05-13 11:30:21,344 [INFO] Switching relay 0 on
2024-05-13 11:30:24,061 [INFO] Switching relay 3 on
2024-05-13 11:30:26,779 [INFO] Switching relay 1 off
2024-05-13 11:30:29,497 [INFO] Switching relay 4 off
2024-05-13 11:45:30,700 [INFO] List of USB ports:
2024-05-13 11:45:30,701 [INFO] /dev/cu.FairphoneEarbuds - n/a
2024-05-13 11:45:30,701 [INFO] /dev/cu.DoroDFC-0310 - n/a
2024-05-13 11:45:30,701 [INFO] /dev/cu.JabraFREEWAYv570 - n/a
2024-05-13 11:45:30,701 [INFO] /dev/cu.Bluetooth-Incoming-Port - n/a
2024-05-13 11:45:30,701 [INFO] /dev/cu.usbserial-10 - USB Serial
2024-05-13 11:45:30,724 [INFO] Arduino found on port: /dev/cu.usbserial-10
2024-05-13 11:45:32,748 [INFO] Reading sample temperature sensor 0
2024-05-13 11:45:35,094 [INFO] Temperature sensor: 21.19 C
2024-05-13 11:45:35,095 [INFO] Reading sample temperature sensor 1
2024-05-13 11:45:35,095 [INFO] Waiting for arduino to respond
2024-05-13 11:45:37,811 [INFO] Temperature sensor: 20.69 C
2024-05-13 11:45:37,811 [INFO] Reading ambient temperature sensor 0
2024-05-13 11:45:37,813 [INFO] Waiting for arduino to respond
2024-05-13 11:45:40,529 [INFO] Temperature sensor: 22.12 C
2024-05-13 11:45:40,529 [INFO] Reading ambient temperature sensor 1
2024-05-13 11:45:40,531 [INFO] Waiting for arduino to respond
2024-05-13 11:45:43,247 [INFO] Temperature sensor: 22.0 C
2024-05-13 11:45:43,248 [INFO] Switching relay 0 on
2024-05-13 11:45:45,965 [INFO] Switching relay 3 on
2024-05-13 11:45:48,683 [INFO] Switching relay 1 off
2024-05-13 11:45:51,402 [INFO] Switching relay 4 off
2024-05-13 11:45:54,120 [INFO] Switching relay 4 on
2024-05-13 11:45:56,840 [INFO] Switching relay 5 on
2024-05-13 11:45:59,557 [INFO] Getting status of relay 0
2024-05-13 11:45:59,557 [INFO] Status of relay 0: Low / Off
2024-05-13 11:45:59,558 [INFO] Getting status of relay 1
2024-05-13 11:45:59,559 [INFO] Status of relay 1: Low / Off
2024-05-13 11:45:59,559 [INFO] Getting status of relay 2
2024-05-13 11:46:02,276 [INFO] Status of relay 2: Low / Off
2024-05-13 11:46:02,277 [INFO] Getting status of relay 3
2024-05-13 11:46:02,278 [INFO] Status of relay 3: Low / Off
2024-05-13 11:46:02,278 [INFO] Getting status of relay 4
2024-05-13 11:46:02,279 [INFO] Status of relay 4: Low / Off
2024-05-13 11:46:02,279 [INFO] Getting status of relay 5
2024-05-13 11:46:02,280 [INFO] Status of relay 5: Low / Off
2024-05-13 11:58:52,428 [INFO] List of USB ports:
2024-05-13 11:58:52,428 [INFO] /dev/cu.FairphoneEarbuds - n/a
2024-05-13 11:58:52,428 [INFO] /dev/cu.DoroDFC-0310 - n/a
2024-05-13 11:58:52,428 [INFO] /dev/cu.JabraFREEWAYv570 - n/a
2024-05-13 11:58:52,428 [INFO] /dev/cu.Bluetooth-Incoming-Port - n/a
2024-05-13 11:58:52,428 [INFO] /dev/cu.usbserial-10 - USB Serial
2024-05-13 11:58:52,455 [INFO] Arduino found on port: /dev/cu.usbserial-10
2024-05-13 11:58:54,481 [INFO] Reading sample temperature sensor 0
2024-05-13 11:58:56,827 [INFO] Temperature sensor: 21.12 C
2024-05-13 11:58:56,827 [INFO] Reading sample temperature sensor 1
2024-05-13 11:58:56,828 [INFO] Waiting for arduino to respond
2024-05-13 11:58:59,545 [INFO] Temperature sensor: 20.62 C
2024-05-13 11:58:59,546 [INFO] Reading ambient temperature sensor 0
2024-05-13 11:58:59,547 [INFO] Waiting for arduino to respond
2024-05-13 11:59:02,263 [INFO] Temperature sensor: 22.06 C
2024-05-13 11:59:02,264 [INFO] Reading ambient temperature sensor 1
2024-05-13 11:59:02,266 [INFO] Waiting for arduino to respond
2024-05-13 11:59:04,981 [INFO] Temperature sensor: 21.94 C
2024-05-13 11:59:04,982 [INFO] Switching relay 0 on
2024-05-13 11:59:07,699 [INFO] Switching relay 3 on
2024-05-13 11:59:10,417 [INFO] Switching relay 1 off
2024-05-13 11:59:13,135 [INFO] Switching relay 4 off
2024-05-13 11:59:15,854 [INFO] Switching relay 4 off
2024-05-13 11:59:18,572 [INFO] Switching relay 5 off
2024-05-13 11:59:21,290 [INFO] Getting status of relay 0
2024-05-13 11:59:21,291 [INFO] Status of relay 0: Low / Off
2024-05-13 11:59:21,292 [INFO] Getting status of relay 1
2024-05-13 11:59:21,293 [INFO] Status of relay 1: Low / Off
2024-05-13 11:59:21,293 [INFO] Getting status of relay 2
2024-05-13 11:59:24,008 [INFO] Status of relay 2: Low / Off
2024-05-13 11:59:24,009 [INFO] Getting status of relay 3
2024-05-13 11:59:24,010 [INFO] Status of relay 3: Low / Off
2024-05-13 11:59:24,011 [INFO] Getting status of relay 4
2024-05-13 11:59:24,011 [INFO] Status of relay 4: Low / Off
2024-05-13 11:59:24,011 [INFO] Getting status of relay 5
2024-05-13 11:59:24,013 [INFO] Status of relay 5: Low / Off
2024-05-13 12:25:31,038 [INFO] List of USB ports:
2024-05-13 12:25:31,039 [INFO] /dev/cu.FairphoneEarbuds - n/a
2024-05-13 12:25:31,039 [INFO] /dev/cu.DoroDFC-0310 - n/a
2024-05-13 12:25:31,039 [INFO] /dev/cu.JabraFREEWAYv570 - n/a
2024-05-13 12:25:31,039 [INFO] /dev/cu.Bluetooth-Incoming-Port - n/a
2024-05-13 12:25:31,039 [INFO] /dev/cu.usbserial-10 - USB Serial
2024-05-13 12:25:31,065 [INFO] Arduino found on port: /dev/cu.usbserial-10
2024-05-13 12:25:33,089 [INFO] Reading sample temperature sensor 0
2024-05-13 12:25:35,437 [INFO] Temperature sensor: 21.06 C
2024-05-13 12:25:35,437 [INFO] Reading sample temperature sensor 1
2024-05-13 12:25:35,438 [INFO] Waiting for arduino to respond
2024-05-13 12:25:38,153 [INFO] Temperature sensor: 20.69 C
2024-05-13 12:25:38,155 [INFO] Reading ambient temperature sensor 0
2024-05-13 12:25:38,156 [INFO] Waiting for arduino to respond
2024-05-13 12:25:40,871 [INFO] Temperature sensor: 22.0 C
2024-05-13 12:25:40,872 [INFO] Reading ambient temperature sensor 1
2024-05-13 12:25:40,873 [INFO] Waiting for arduino to respond
2024-05-13 12:25:43,590 [INFO] Temperature sensor: 21.94 C
2024-05-13 12:25:43,590 [INFO] Switching relay 4 on for 2 seconds
2024-05-13 12:25:48,306 [INFO] Switching relay 5 on for 1 seconds
2024-05-13 12:25:52,022 [INFO] Getting status of relay 0
2024-05-13 12:25:52,022 [INFO] Status of relay 0: Low / Off
2024-05-13 12:25:52,023 [INFO] Getting status of relay 1
2024-05-13 12:25:52,024 [INFO] Status of relay 1: Low / Off
2024-05-13 12:25:52,024 [INFO] Getting status of relay 2
2024-05-13 12:25:54,740 [INFO] Status of relay 2: Low / Off
2024-05-13 12:25:54,741 [INFO] Getting status of relay 3
2024-05-13 12:25:54,743 [INFO] Status of relay 3: Low / Off
2024-05-13 12:25:54,743 [INFO] Getting status of relay 4
2024-05-13 12:25:54,744 [INFO] Status of relay 4: Low / Off
2024-05-13 12:25:54,744 [INFO] Getting status of relay 5
2024-05-13 12:25:54,745 [INFO] Status of relay 5: Low / Off
2024-05-13 12:26:02,686 [INFO] List of USB ports:
2024-05-13 12:26:02,686 [INFO] /dev/cu.FairphoneEarbuds - n/a
2024-05-13 12:26:02,686 [INFO] /dev/cu.DoroDFC-0310 - n/a
2024-05-13 12:26:02,686 [INFO] /dev/cu.JabraFREEWAYv570 - n/a
2024-05-13 12:26:02,686 [INFO] /dev/cu.Bluetooth-Incoming-Port - n/a
2024-05-13 12:26:02,686 [INFO] /dev/cu.usbserial-10 - USB Serial
2024-05-13 12:26:02,710 [INFO] Arduino found on port: /dev/cu.usbserial-10
2024-05-13 12:26:04,735 [INFO] Reading sample temperature sensor 0
2024-05-13 12:26:07,080 [INFO] Temperature sensor: 21.06 C
2024-05-13 12:26:07,081 [INFO] Reading sample temperature sensor 1
2024-05-13 12:26:07,082 [INFO] Waiting for arduino to respond
2024-05-13 12:26:09,798 [INFO] Temperature sensor: 20.62 C
2024-05-13 12:26:09,798 [INFO] Reading ambient temperature sensor 0
2024-05-13 12:26:09,799 [INFO] Waiting for arduino to respond
2024-05-13 12:26:12,516 [INFO] Temperature sensor: 22.06 C
2024-05-13 12:26:12,517 [INFO] Reading ambient temperature sensor 1
2024-05-13 12:26:12,518 [INFO] Waiting for arduino to respond
2024-05-13 12:26:15,234 [INFO] Temperature sensor: 22.06 C
2024-05-13 12:26:15,235 [INFO] Switching relay 4 on for 2 seconds
2024-05-13 12:26:19,951 [INFO] Switching relay 5 on for 1 seconds
2024-05-13 12:26:23,667 [INFO] Getting status of relay 0
2024-05-13 12:26:23,669 [INFO] Status of relay 0: Low / Off
2024-05-13 12:26:23,669 [INFO] Getting status of relay 1
2024-05-13 12:26:23,670 [INFO] Status of relay 1: Low / Off
2024-05-13 12:26:23,670 [INFO] Getting status of relay 2
2024-05-13 12:26:26,385 [INFO] Status of relay 2: Low / Off
2024-05-13 12:26:26,386 [INFO] Getting status of relay 3
2024-05-13 12:26:26,388 [INFO] Status of relay 3: Low / Off
2024-05-13 12:26:26,388 [INFO] Getting status of relay 4
2024-05-13 12:26:26,388 [INFO] Status of relay 4: Low / Off
2024-05-13 12:26:26,389 [INFO] Getting status of relay 5
2024-05-13 12:26:26,391 [INFO] Status of relay 5: Low / Off
2024-05-13 12:30:07,838 [INFO] List of USB ports:
2024-05-13 12:30:07,838 [INFO] /dev/cu.FairphoneEarbuds - n/a
2024-05-13 12:30:07,838 [INFO] /dev/cu.DoroDFC-0310 - n/a
2024-05-13 12:30:07,838 [INFO] /dev/cu.JabraFREEWAYv570 - n/a
2024-05-13 12:30:07,838 [INFO] /dev/cu.Bluetooth-Incoming-Port - n/a
2024-05-13 12:30:07,838 [INFO] /dev/cu.usbserial-10 - USB Serial
2024-05-13 12:30:07,844 [INFO] Arduino found on port: /dev/cu.usbserial-10
2024-05-13 12:30:09,853 [INFO] Reading sample temperature sensor 0
2024-05-13 12:31:13,992 [INFO] List of USB ports:
2024-05-13 12:31:13,992 [INFO] /dev/cu.FairphoneEarbuds - n/a
2024-05-13 12:31:13,993 [INFO] /dev/cu.DoroDFC-0310 - n/a
2024-05-13 12:31:13,993 [INFO] /dev/cu.JabraFREEWAYv570 - n/a
2024-05-13 12:31:13,993 [INFO] /dev/cu.Bluetooth-Incoming-Port - n/a
2024-05-13 12:31:13,993 [INFO] /dev/cu.usbserial-10 - USB Serial
2024-05-13 12:31:14,030 [INFO] Arduino found on port: /dev/cu.usbserial-10
2024-05-13 12:31:16,052 [INFO] Reading sample temperature sensor 0
2024-05-13 12:31:18,400 [INFO] Temperature sensor: 21.12 C
2024-05-13 12:31:18,401 [INFO] Reading sample temperature sensor 1
2024-05-13 12:31:18,401 [INFO] Waiting for arduino to respond
2024-05-13 12:31:21,117 [INFO] Temperature sensor: 20.69 C
2024-05-13 12:31:21,118 [INFO] Reading ambient temperature sensor 0
2024-05-13 12:31:21,119 [INFO] Waiting for arduino to respond
2024-05-13 12:31:23,835 [INFO] Temperature sensor: 22.12 C
2024-05-13 12:31:23,836 [INFO] Reading ambient temperature sensor 1
2024-05-13 12:31:23,838 [INFO] Waiting for arduino to respond
2024-05-13 12:31:26,554 [INFO] Temperature sensor: 22.0 C
2024-05-13 12:31:26,555 [INFO] Switching relay 4 on for 2 seconds
2024-05-13 12:31:31,270 [INFO] Switching relay 5 on for 1 seconds
2024-05-13 12:31:52,504 [INFO] List of USB ports:
2024-05-13 12:31:52,504 [INFO] /dev/cu.FairphoneEarbuds - n/a
2024-05-13 12:31:52,505 [INFO] /dev/cu.DoroDFC-0310 - n/a
2024-05-13 12:31:52,505 [INFO] /dev/cu.JabraFREEWAYv570 - n/a
2024-05-13 12:31:52,505 [INFO] /dev/cu.Bluetooth-Incoming-Port - n/a
2024-05-13 12:31:52,505 [INFO] /dev/cu.usbserial-10 - USB Serial
2024-05-13 12:31:52,532 [INFO] Arduino found on port: /dev/cu.usbserial-10
2024-05-13 12:31:54,554 [INFO] Switching relay 4 on for 2 seconds
2024-05-13 12:31:58,901 [INFO] Switching relay 5 on for 1 seconds
2024-05-13 12:32:32,931 [INFO] List of USB ports:
2024-05-13 12:32:32,931 [INFO] /dev/cu.FairphoneEarbuds - n/a
2024-05-13 12:32:32,931 [INFO] /dev/cu.DoroDFC-0310 - n/a
2024-05-13 12:32:32,931 [INFO] /dev/cu.JabraFREEWAYv570 - n/a
2024-05-13 12:32:32,931 [INFO] /dev/cu.Bluetooth-Incoming-Port - n/a
2024-05-13 12:32:32,931 [INFO] /dev/cu.usbserial-10 - USB Serial
2024-05-13 12:32:32,958 [INFO] Arduino found on port: /dev/cu.usbserial-10
2024-05-13 12:32:34,982 [INFO] Switching relay 5 on for 1 seconds
2024-05-13 12:32:42,109 [INFO] List of USB ports:
2024-05-13 12:32:42,109 [INFO] /dev/cu.FairphoneEarbuds - n/a
2024-05-13 12:32:42,109 [INFO] /dev/cu.DoroDFC-0310 - n/a
2024-05-13 12:32:42,109 [INFO] /dev/cu.JabraFREEWAYv570 - n/a
2024-05-13 12:32:42,109 [INFO] /dev/cu.Bluetooth-Incoming-Port - n/a
2024-05-13 12:32:42,109 [INFO] /dev/cu.usbserial-10 - USB Serial
2024-05-13 12:32:42,132 [INFO] Arduino found on port: /dev/cu.usbserial-10
2024-05-13 12:32:44,158 [INFO] Switching relay 5 on for 1 seconds
2024-05-13 12:32:57,754 [INFO] List of USB ports:
2024-05-13 12:32:57,754 [INFO] /dev/cu.FairphoneEarbuds - n/a
2024-05-13 12:32:57,754 [INFO] /dev/cu.DoroDFC-0310 - n/a
2024-05-13 12:32:57,754 [INFO] /dev/cu.JabraFREEWAYv570 - n/a
2024-05-13 12:32:57,754 [INFO] /dev/cu.Bluetooth-Incoming-Port - n/a
2024-05-13 12:32:57,754 [INFO] /dev/cu.usbserial-10 - USB Serial
2024-05-13 12:32:57,777 [INFO] Arduino found on port: /dev/cu.usbserial-10
2024-05-13 12:32:59,802 [INFO] Switching relay 5 on for 3 seconds
2024-05-13 12:33:20,149 [INFO] List of USB ports:
2024-05-13 12:33:20,149 [INFO] /dev/cu.FairphoneEarbuds - n/a
2024-05-13 12:33:20,149 [INFO] /dev/cu.DoroDFC-0310 - n/a
2024-05-13 12:33:20,149 [INFO] /dev/cu.JabraFREEWAYv570 - n/a
2024-05-13 12:33:20,149 [INFO] /dev/cu.Bluetooth-Incoming-Port - n/a
2024-05-13 12:33:20,149 [INFO] /dev/cu.usbserial-10 - USB Serial
2024-05-13 12:33:20,172 [INFO] Arduino found on port: /dev/cu.usbserial-10
2024-05-13 12:33:22,200 [INFO] Switching relay 4 on for 2 seconds
2024-05-13 12:33:55,665 [INFO] List of USB ports:
2024-05-13 12:33:55,665 [INFO] /dev/cu.FairphoneEarbuds - n/a
2024-05-13 12:33:55,665 [INFO] /dev/cu.DoroDFC-0310 - n/a
2024-05-13 12:33:55,666 [INFO] /dev/cu.JabraFREEWAYv570 - n/a
2024-05-13 12:33:55,666 [INFO] /dev/cu.Bluetooth-Incoming-Port - n/a
2024-05-13 12:33:55,666 [INFO] /dev/cu.usbserial-10 - USB Serial
2024-05-13 12:33:55,689 [INFO] Arduino found on port: /dev/cu.usbserial-10
2024-05-13 12:33:57,714 [INFO] Switching relay 4 on for 2 seconds
2024-05-13 12:34:02,057 [INFO] Switching relay 5 on for 3 seconds
2024-05-23 08:59:05,305 [INFO] List of USB ports:
2024-05-23 08:59:05,306 [INFO] /dev/cu.FairphoneEarbuds - n/a
2024-05-23 08:59:05,306 [INFO] /dev/cu.DoroDFC-0310 - n/a
2024-05-23 08:59:05,306 [INFO] /dev/cu.JabraFREEWAYv570 - n/a
2024-05-23 08:59:05,306 [INFO] /dev/cu.Bluetooth-Incoming-Port - n/a
2024-05-23 08:59:05,306 [INFO] /dev/cu.usbserial-210 - USB Serial
2024-05-23 08:59:05,328 [INFO] Arduino found on port: /dev/cu.usbserial-210
2024-05-23 08:59:07,352 [INFO] Switching relay 4 on for 2 seconds
2024-05-23 08:59:11,911 [INFO] Switching relay 5 on for 3 seconds
2024-05-23 08:59:22,769 [INFO] List of USB ports:
2024-05-23 08:59:22,769 [INFO] /dev/cu.FairphoneEarbuds - n/a
2024-05-23 08:59:22,769 [INFO] /dev/cu.DoroDFC-0310 - n/a
2024-05-23 08:59:22,769 [INFO] /dev/cu.JabraFREEWAYv570 - n/a
2024-05-23 08:59:22,769 [INFO] /dev/cu.Bluetooth-Incoming-Port - n/a
2024-05-23 08:59:22,769 [INFO] /dev/cu.usbserial-210 - USB Serial
2024-05-23 08:59:22,793 [INFO] Arduino found on port: /dev/cu.usbserial-210
2024-05-23 08:59:24,816 [INFO] Switching relay 4 on for 2 seconds
2024-05-23 08:59:29,376 [INFO] Switching relay 5 on for 3 seconds
2024-05-23 09:00:04,363 [INFO] List of USB ports:
2024-05-23 09:00:04,363 [INFO] /dev/cu.FairphoneEarbuds - n/a
2024-05-23 09:00:04,364 [INFO] /dev/cu.DoroDFC-0310 - n/a
2024-05-23 09:00:04,364 [INFO] /dev/cu.JabraFREEWAYv570 - n/a
2024-05-23 09:00:04,364 [INFO] /dev/cu.Bluetooth-Incoming-Port - n/a
2024-05-23 09:00:04,364 [INFO] /dev/cu.usbserial-210 - USB Serial
2024-05-23 09:00:04,386 [INFO] Arduino found on port: /dev/cu.usbserial-210
2024-05-23 09:00:06,414 [INFO] Switching relay 0 on for 2 seconds
2024-05-23 09:00:10,969 [INFO] Switching relay 6 on for 3 seconds
2024-05-23 09:59:49,276 [INFO] List of USB ports:
2024-05-23 09:59:49,276 [INFO] /dev/cu.FairphoneEarbuds - n/a
2024-05-23 09:59:49,276 [INFO] /dev/cu.DoroDFC-0310 - n/a
2024-05-23 09:59:49,276 [INFO] /dev/cu.JabraFREEWAYv570 - n/a
2024-05-23 09:59:49,276 [INFO] /dev/cu.Bluetooth-Incoming-Port - n/a
2024-05-23 09:59:49,276 [INFO] /dev/cu.usbserial-210 - USB Serial
2024-05-23 10:00:12,253 [INFO] List of USB ports:
2024-05-23 10:00:12,254 [INFO] /dev/cu.FairphoneEarbuds - n/a
2024-05-23 10:00:12,254 [INFO] /dev/cu.DoroDFC-0310 - n/a
2024-05-23 10:00:12,254 [INFO] /dev/cu.JabraFREEWAYv570 - n/a
2024-05-23 10:00:12,254 [INFO] /dev/cu.Bluetooth-Incoming-Port - n/a
2024-05-23 10:00:12,254 [INFO] /dev/cu.usbserial-210 - USB Serial
2024-05-23 10:00:12,294 [INFO] Arduino found on port: /dev/cu.usbserial-210
2024-05-23 10:00:14,326 [INFO] Switching relay 3 on for 2 seconds
2024-05-23 10:00:18,878 [INFO] Switching relay 4 on for 3 seconds
2024-05-23 10:00:24,674 [INFO] Switching relay 5 on for 3 seconds
2024-05-23 10:00:30,470 [INFO] Switching relay 8 on for 3 seconds
2024-05-23 10:01:18,131 [INFO] List of USB ports:
2024-05-23 10:01:18,131 [INFO] /dev/cu.FairphoneEarbuds - n/a
2024-05-23 10:01:18,131 [INFO] /dev/cu.DoroDFC-0310 - n/a
2024-05-23 10:01:18,131 [INFO] /dev/cu.JabraFREEWAYv570 - n/a
2024-05-23 10:01:18,131 [INFO] /dev/cu.Bluetooth-Incoming-Port - n/a
2024-05-23 10:01:18,131 [INFO] /dev/cu.usbserial-210 - USB Serial
2024-05-23 10:01:18,158 [INFO] Arduino found on port: /dev/cu.usbserial-210
2024-05-23 10:01:20,186 [INFO] Switching relay 0 on for 3 seconds
2024-05-23 10:01:25,742 [INFO] Switching relay 1 on for 3 seconds
2024-05-23 10:01:31,538 [INFO] Switching relay 2 on for 3 seconds
2024-05-23 10:01:37,334 [INFO] Switching relay 3 on for 3 seconds
2024-05-23 10:01:43,131 [INFO] Switching relay 4 on for 3 seconds
2024-05-23 10:01:48,926 [INFO] Switching relay 5 on for 3 seconds
2024-05-23 10:01:54,722 [INFO] Switching relay 6 on for 3 seconds
2024-05-23 10:02:00,518 [INFO] Switching relay 7 on for 3 seconds
2024-05-23 10:02:06,315 [INFO] Switching relay 8 on for 3 seconds
2024-05-23 10:02:12,111 [INFO] Switching relay 9 on for 3 seconds
2024-05-23 10:11:40,182 [INFO] List of USB ports:
2024-05-23 10:11:40,182 [INFO] /dev/cu.FairphoneEarbuds - n/a
2024-05-23 10:11:40,182 [INFO] /dev/cu.DoroDFC-0310 - n/a
2024-05-23 10:11:40,182 [INFO] /dev/cu.JabraFREEWAYv570 - n/a
2024-05-23 10:11:40,182 [INFO] /dev/cu.Bluetooth-Incoming-Port - n/a
2024-05-23 10:11:40,182 [INFO] /dev/cu.usbserial-210 - USB Serial
2024-05-23 10:11:40,205 [INFO] Arduino found on port: /dev/cu.usbserial-210
2024-05-23 10:11:42,228 [INFO] Switching relay 0 on for 3 seconds
2024-05-23 10:11:47,790 [INFO] Switching relay 1 on for 3 seconds
2024-05-23 10:11:53,586 [INFO] Switching relay 2 on for 3 seconds
2024-05-23 10:11:59,382 [INFO] Switching relay 3 on for 3 seconds
2024-05-23 10:12:05,179 [INFO] Switching relay 4 on for 3 seconds
2024-05-23 10:12:10,975 [INFO] Switching relay 5 on for 3 seconds
2024-05-23 10:12:16,771 [INFO] Switching relay 6 on for 3 seconds
2024-05-23 10:12:22,568 [INFO] Switching relay 7 on for 3 seconds
2024-05-23 10:41:50,361 [INFO] List of USB ports:
2024-05-23 10:41:50,362 [INFO] /dev/cu.FairphoneEarbuds - n/a
2024-05-23 10:41:50,362 [INFO] /dev/cu.DoroDFC-0310 - n/a
2024-05-23 10:41:50,362 [INFO] /dev/cu.JabraFREEWAYv570 - n/a
2024-05-23 10:41:50,362 [INFO] /dev/cu.Bluetooth-Incoming-Port - n/a
2024-05-23 10:41:50,362 [INFO] /dev/cu.usbserial-210 - USB Serial
2024-05-23 10:41:50,384 [INFO] Arduino found on port: /dev/cu.usbserial-210
2024-05-23 10:41:52,408 [INFO] Switching relay 0 on for 3 seconds
2024-05-23 10:41:57,970 [INFO] Switching relay 1 on for 3 seconds
2024-05-23 10:42:03,766 [INFO] Switching relay 2 on for 3 seconds
2024-05-23 10:42:09,562 [INFO] Switching relay 3 on for 3 seconds
2024-05-23 10:42:15,359 [INFO] Switching relay 4 on for 3 seconds
2024-05-23 10:42:21,155 [INFO] Switching relay 5 on for 3 seconds
2024-05-23 10:42:26,952 [INFO] Switching relay 6 on for 3 seconds
2024-05-23 10:42:32,748 [INFO] Switching relay 7 on for 3 seconds
2024-05-23 13:16:08,872 [INFO] List of USB ports:
2024-05-23 13:16:08,873 [INFO] /dev/cu.FairphoneEarbuds - n/a
2024-05-23 13:16:08,873 [INFO] /dev/cu.DoroDFC-0310 - n/a
2024-05-23 13:16:08,873 [INFO] /dev/cu.JabraFREEWAYv570 - n/a
2024-05-23 13:16:08,873 [INFO] /dev/cu.Bluetooth-Incoming-Port - n/a
2024-05-23 13:16:08,873 [INFO] /dev/cu.usbserial-210 - USB Serial
2024-05-23 13:16:08,896 [INFO] Arduino found on port: /dev/cu.usbserial-210
2024-05-23 13:16:24,412 [INFO] Switching relay 0 on for 2 seconds
2024-05-23 13:16:55,955 [INFO] List of USB ports:
2024-05-23 13:16:55,955 [INFO] /dev/cu.FairphoneEarbuds - n/a
2024-05-23 13:16:55,955 [INFO] /dev/cu.DoroDFC-0310 - n/a
2024-05-23 13:16:55,955 [INFO] /dev/cu.JabraFREEWAYv570 - n/a
2024-05-23 13:16:55,955 [INFO] /dev/cu.Bluetooth-Incoming-Port - n/a
2024-05-23 13:16:55,955 [INFO] /dev/cu.usbserial-210 - USB Serial
2024-05-23 13:16:55,981 [INFO] Arduino found on port: /dev/cu.usbserial-210
2024-05-23 13:16:59,370 [INFO] Switching relay 0 on for 2 seconds
2024-05-23 13:17:16,721 [INFO] List of USB ports:
2024-05-23 13:17:16,721 [INFO] /dev/cu.FairphoneEarbuds - n/a
2024-05-23 13:17:16,721 [INFO] /dev/cu.DoroDFC-0310 - n/a
2024-05-23 13:17:16,721 [INFO] /dev/cu.JabraFREEWAYv570 - n/a
2024-05-23 13:17:16,721 [INFO] /dev/cu.Bluetooth-Incoming-Port - n/a
2024-05-23 13:17:16,721 [INFO] /dev/cu.usbserial-210 - USB Serial
2024-05-23 13:17:16,744 [INFO] Arduino found on port: /dev/cu.usbserial-210
2024-05-23 13:17:20,979 [INFO] Switching relay 0 on for 2 seconds
2024-05-23 13:50:11,400 [INFO] List of USB ports:
2024-05-23 13:50:11,401 [INFO] /dev/cu.FairphoneEarbuds - n/a
2024-05-23 13:50:11,401 [INFO] /dev/cu.DoroDFC-0310 - n/a
2024-05-23 13:50:11,401 [INFO] /dev/cu.JabraFREEWAYv570 - n/a
2024-05-23 13:50:11,401 [INFO] /dev/cu.Bluetooth-Incoming-Port - n/a
2024-05-23 13:50:11,401 [INFO] /dev/cu.usbserial-210 - USB Serial
2024-05-23 13:50:11,423 [INFO] Arduino found on port: /dev/cu.usbserial-210
2024-05-23 13:50:26,281 [INFO] Switching relay 0 on for 2 seconds
2024-05-23 13:50:37,263 [INFO] Switching relay 1 on for 2 seconds
2024-05-23 13:50:47,511 [INFO] Switching relay 2 on for 2 seconds
2024-05-23 13:50:54,726 [INFO] Switching relay 3 on for 2 seconds
2024-05-23 13:57:28,591 [INFO] Switching relay 3 on for 5 seconds
2024-05-23 13:57:42,817 [INFO] Switching relay 3 on for 10 seconds
2024-05-23 13:59:58,645 [INFO] Switching relay 3 on for 3 seconds
2024-05-23 14:00:17,323 [INFO] Switching relay 3 on for 3 seconds
2024-05-23 14:00:32,890 [INFO] Switching relay 3 on for 3 seconds
2024-05-23 14:00:54,003 [INFO] Switching relay 3 on for 3 seconds
2024-05-23 14:01:06,662 [INFO] Switching relay 3 on for 3 seconds
2024-05-23 14:01:47,930 [INFO] Switching relay 3 on for 15 seconds
2024-05-23 14:02:20,274 [INFO] Switching relay 3 on for 20 seconds
2024-05-23 14:04:12,473 [INFO] Switching relay 3 on for 2 seconds
2024-05-23 14:04:31,177 [INFO] Switching relay 3 on for 1 seconds
2024-05-23 14:05:09,329 [INFO] Switching relay 3 on for 2 seconds
2024-05-23 14:11:02,533 [INFO] List of USB ports:
2024-05-23 14:11:02,533 [INFO] /dev/cu.FairphoneEarbuds - n/a
2024-05-23 14:11:02,533 [INFO] /dev/cu.DoroDFC-0310 - n/a
2024-05-23 14:11:02,533 [INFO] /dev/cu.JabraFREEWAYv570 - n/a
2024-05-23 14:11:02,533 [INFO] /dev/cu.Bluetooth-Incoming-Port - n/a
2024-05-23 14:11:02,533 [INFO] /dev/cu.usbserial-210 - USB Serial
2024-05-23 14:11:02,555 [INFO] Arduino found on port: /dev/cu.usbserial-210
2024-05-23 14:11:04,579 [INFO] Switching relay 2 on for 1 seconds
2024-05-23 14:11:08,203 [INFO] Switching relay 3 on for 2 seconds
2024-05-23 14:11:38,012 [INFO] List of USB ports:
2024-05-23 14:11:38,012 [INFO] /dev/cu.FairphoneEarbuds - n/a
2024-05-23 14:11:38,012 [INFO] /dev/cu.DoroDFC-0310 - n/a
2024-05-23 14:11:38,012 [INFO] /dev/cu.JabraFREEWAYv570 - n/a
2024-05-23 14:11:38,012 [INFO] /dev/cu.Bluetooth-Incoming-Port - n/a
2024-05-23 14:11:38,012 [INFO] /dev/cu.usbserial-210 - USB Serial
2024-05-23 14:11:38,036 [INFO] Arduino found on port: /dev/cu.usbserial-210
2024-05-23 14:11:40,062 [INFO] Switching relay 2 on for 15 seconds
2024-05-23 14:12:11,990 [INFO] List of USB ports:
2024-05-23 14:12:11,990 [INFO] /dev/cu.FairphoneEarbuds - n/a
2024-05-23 14:12:11,990 [INFO] /dev/cu.DoroDFC-0310 - n/a
2024-05-23 14:12:11,990 [INFO] /dev/cu.JabraFREEWAYv570 - n/a
2024-05-23 14:12:11,990 [INFO] /dev/cu.Bluetooth-Incoming-Port - n/a
2024-05-23 14:12:11,990 [INFO] /dev/cu.usbserial-210 - USB Serial
2024-05-23 14:12:12,013 [INFO] Arduino found on port: /dev/cu.usbserial-210
2024-05-23 14:12:14,035 [INFO] Switching relay 2 on for 5 seconds
2024-05-23 14:12:21,661 [INFO] Switching relay 3 on for 5 seconds
2024-05-23 14:13:07,157 [INFO] List of USB ports:
2024-05-23 14:13:07,157 [INFO] /dev/cu.FairphoneEarbuds - n/a
2024-05-23 14:13:07,157 [INFO] /dev/cu.DoroDFC-0310 - n/a
2024-05-23 14:13:07,157 [INFO] /dev/cu.JabraFREEWAYv570 - n/a
2024-05-23 14:13:07,157 [INFO] /dev/cu.Bluetooth-Incoming-Port - n/a
2024-05-23 14:13:07,157 [INFO] /dev/cu.usbserial-210 - USB Serial
2024-05-23 14:13:07,207 [INFO] Arduino found on port: /dev/cu.usbserial-210
2024-05-23 14:13:09,231 [INFO] Switching relay 2 on for 0.5 seconds
2024-05-23 14:13:12,355 [INFO] Switching relay 3 on for 2 seconds
2024-05-23 14:13:27,703 [INFO] List of USB ports:
2024-05-23 14:13:27,703 [INFO] /dev/cu.FairphoneEarbuds - n/a
2024-05-23 14:13:27,703 [INFO] /dev/cu.DoroDFC-0310 - n/a
2024-05-23 14:13:27,703 [INFO] /dev/cu.JabraFREEWAYv570 - n/a
2024-05-23 14:13:27,703 [INFO] /dev/cu.Bluetooth-Incoming-Port - n/a
2024-05-23 14:13:27,704 [INFO] /dev/cu.usbserial-210 - USB Serial
2024-05-23 14:13:27,726 [INFO] Arduino found on port: /dev/cu.usbserial-210
2024-05-23 14:13:29,750 [INFO] Switching relay 2 on for 1 seconds
2024-05-23 14:13:33,375 [INFO] Switching relay 3 on for 2 seconds
2024-05-23 14:31:30,999 [INFO] List of USB ports:
2024-05-23 14:31:30,999 [INFO] /dev/cu.FairphoneEarbuds - n/a
2024-05-23 14:31:30,999 [INFO] /dev/cu.DoroDFC-0310 - n/a
2024-05-23 14:31:31,000 [INFO] /dev/cu.JabraFREEWAYv570 - n/a
2024-05-23 14:31:31,000 [INFO] /dev/cu.Bluetooth-Incoming-Port - n/a
2024-05-23 14:31:31,000 [INFO] /dev/cu.usbserial-210 - USB Serial
2024-05-23 14:31:31,024 [INFO] Arduino found on port: /dev/cu.usbserial-210
2024-05-23 14:31:33,053 [INFO] Switching relay 2 on for 1 seconds
2024-05-23 14:31:36,672 [INFO] Switching relay 3 on for 2 seconds
2024-05-23 14:31:47,587 [INFO] List of USB ports:
2024-05-23 14:31:47,587 [INFO] /dev/cu.FairphoneEarbuds - n/a
2024-05-23 14:31:47,587 [INFO] /dev/cu.DoroDFC-0310 - n/a
2024-05-23 14:31:47,587 [INFO] /dev/cu.JabraFREEWAYv570 - n/a
2024-05-23 14:31:47,587 [INFO] /dev/cu.Bluetooth-Incoming-Port - n/a
2024-05-23 14:31:47,587 [INFO] /dev/cu.usbserial-210 - USB Serial
2024-05-23 14:31:47,610 [INFO] Arduino found on port: /dev/cu.usbserial-210
2024-05-23 14:31:49,634 [INFO] Switching relay 2 on for 15 seconds
2024-05-23 14:32:07,261 [INFO] Switching relay 3 on for 15 seconds
2024-05-31 15:19:20,415 [INFO] List of USB ports:
2024-05-31 15:19:20,416 [INFO] /dev/cu.FairphoneEarbuds - n/a
2024-05-31 15:19:20,416 [INFO] /dev/cu.DoroDFC-0310 - n/a
2024-05-31 15:19:20,416 [INFO] /dev/cu.JabraFREEWAYv570 - n/a
2024-05-31 15:19:20,416 [INFO] /dev/cu.Bluetooth-Incoming-Port - n/a
2024-05-31 15:19:20,416 [INFO] /dev/cu.usbserial-210 - USB Serial
2024-05-31 15:19:20,440 [INFO] Arduino found on port: /dev/cu.usbserial-210
2024-05-31 15:19:22,464 [INFO] Turning on ultrasound for 5 seconds on cartridge 0.
2024-05-31 15:19:22,465 [INFO] Switching relay 6 on for 5 seconds
2024-05-31 15:19:30,210 [INFO] Turning on ultrasound for 5 seconds on cartridge 1.
2024-05-31 15:19:30,211 [INFO] Switching relay 7 on for 5 seconds
2024-05-31 15:19:38,109 [INFO] Turning on pump 0 for 5 seconds.
2024-05-31 15:19:38,110 [INFO] Switching relay 0 on for 5 seconds
2024-05-31 15:19:46,008 [INFO] Turning on pump 1 for 5 seconds.
2024-05-31 15:19:46,008 [INFO] Switching relay 1 on for 5 seconds
2024-05-31 15:19:53,907 [INFO] Turning on pump 2 for 5 seconds.
2024-05-31 15:19:53,908 [INFO] Switching relay 2 on for 5 seconds
2024-05-31 15:20:01,806 [INFO] Turning on pump 3 for 5 seconds.
2024-05-31 15:20:01,807 [INFO] Switching relay 3 on for 5 seconds
2024-05-31 15:20:33,378 [INFO] List of USB ports:
2024-05-31 15:20:33,379 [INFO] /dev/cu.FairphoneEarbuds - n/a
2024-05-31 15:20:33,379 [INFO] /dev/cu.DoroDFC-0310 - n/a
2024-05-31 15:20:33,379 [INFO] /dev/cu.JabraFREEWAYv570 - n/a
2024-05-31 15:20:33,379 [INFO] /dev/cu.Bluetooth-Incoming-Port - n/a
2024-05-31 15:20:33,379 [ERROR] No Arduino found
2024-05-31 15:20:35,652 [INFO] List of USB ports:
2024-05-31 15:20:35,652 [INFO] /dev/cu.FairphoneEarbuds - n/a
2024-05-31 15:20:35,652 [INFO] /dev/cu.DoroDFC-0310 - n/a
2024-05-31 15:20:35,652 [INFO] /dev/cu.JabraFREEWAYv570 - n/a
2024-05-31 15:20:35,652 [INFO] /dev/cu.Bluetooth-Incoming-Port - n/a
2024-05-31 15:20:35,652 [ERROR] No Arduino found
2024-05-31 15:21:33,463 [INFO] List of USB ports:
2024-05-31 15:21:33,464 [INFO] /dev/cu.FairphoneEarbuds - n/a
2024-05-31 15:21:33,464 [INFO] /dev/cu.DoroDFC-0310 - n/a
2024-05-31 15:21:33,464 [INFO] /dev/cu.JabraFREEWAYv570 - n/a
2024-05-31 15:21:33,464 [INFO] /dev/cu.Bluetooth-Incoming-Port - n/a
2024-05-31 15:21:33,464 [ERROR] No Arduino found
2024-05-31 15:22:19,650 [INFO] List of USB ports:
2024-05-31 15:22:19,650 [INFO] /dev/cu.FairphoneEarbuds - n/a
2024-05-31 15:22:19,650 [INFO] /dev/cu.DoroDFC-0310 - n/a
2024-05-31 15:22:19,650 [INFO] /dev/cu.JabraFREEWAYv570 - n/a
2024-05-31 15:22:19,650 [INFO] /dev/cu.Bluetooth-Incoming-Port - n/a
2024-05-31 15:22:19,650 [INFO] /dev/cu.usbserial-210 - USB Serial
2024-05-31 15:22:19,674 [INFO] Arduino found on port: /dev/cu.usbserial-210
2024-05-31 15:22:21,695 [INFO] Turning on ultrasound for 1 seconds on cartridge 0.
2024-05-31 15:22:21,696 [INFO] Switching relay 6 on for 1 seconds
2024-05-31 15:22:25,444 [INFO] Turning on ultrasound for 1 seconds on cartridge 1.
2024-05-31 15:22:25,444 [INFO] Switching relay 7 on for 1 seconds
2024-05-31 15:22:29,341 [INFO] Turning on pump 0 for 5 seconds.
2024-05-31 15:22:29,342 [INFO] Switching relay 0 on for 5 seconds
2024-05-31 15:22:37,240 [INFO] Turning on pump 1 for 5 seconds.
2024-05-31 15:22:37,242 [INFO] Switching relay 1 on for 5 seconds
2024-05-31 15:22:45,139 [INFO] Turning on pump 2 for 5 seconds.
2024-05-31 15:22:45,140 [INFO] Switching relay 2 on for 5 seconds
2024-05-31 15:22:53,038 [INFO] Turning on pump 3 for 5 seconds.
2024-05-31 15:22:53,039 [INFO] Switching relay 3 on for 5 seconds
2024-05-31 15:23:00,937 [INFO] Turning on pump 4 for 5 seconds.
2024-05-31 15:23:00,939 [INFO] Switching relay 4 on for 5 seconds
2024-05-31 15:23:08,834 [INFO] Turning on pump 5 for 5 seconds.
2024-05-31 15:23:08,835 [INFO] Switching relay 5 on for 5 seconds
2024-05-31 15:23:16,734 [INFO] Dispensing 1 ml from pump 0.
2024-05-31 15:23:16,735 [INFO] Turning on pump 0 for 1.0 seconds.
2024-05-31 15:23:16,735 [INFO] Switching relay 0 on for 1.0 seconds
2024-05-31 15:23:20,631 [INFO] Dispensing 1 ml from pump 1.
2024-05-31 15:23:20,632 [INFO] Turning on pump 1 for 1.0 seconds.
2024-05-31 15:23:20,632 [INFO] Switching relay 1 on for 1.0 seconds
2024-05-31 15:23:24,529 [INFO] Dispensing 1 ml from pump 2.
2024-05-31 15:23:24,529 [INFO] Turning on pump 2 for 1.0 seconds.
2024-05-31 15:23:24,529 [INFO] Switching relay 2 on for 1.0 seconds
2024-05-31 15:23:28,426 [INFO] Dispensing 1 ml from pump 3.
2024-05-31 15:23:28,427 [INFO] Turning on pump 3 for 1.0 seconds.
2024-05-31 15:23:28,427 [INFO] Switching relay 3 on for 1.0 seconds
2024-05-31 15:23:32,326 [INFO] Dispensing 1 ml from pump 4.
2024-05-31 15:23:32,327 [INFO] Turning on pump 4 for 1.0 seconds.
2024-05-31 15:23:32,327 [INFO] Switching relay 4 on for 1.0 seconds
2024-05-31 15:23:36,222 [INFO] Dispensing 1 ml from pump 5.
2024-05-31 15:23:36,223 [INFO] Turning on pump 5 for 1.0 seconds.
2024-05-31 15:23:36,223 [INFO] Switching relay 5 on for 1.0 seconds
2024-05-31 15:23:40,121 [INFO] Set temperature to 0 C
2024-05-31 15:23:42,127 [INFO] Set temperature to 35 C
2024-05-31 15:43:17,054 [INFO] List of USB ports:
2024-05-31 15:43:17,054 [INFO] /dev/cu.FairphoneEarbuds - n/a
2024-05-31 15:43:17,054 [INFO] /dev/cu.DoroDFC-0310 - n/a
2024-05-31 15:43:17,054 [INFO] /dev/cu.JabraFREEWAYv570 - n/a
2024-05-31 15:43:17,054 [INFO] /dev/cu.Bluetooth-Incoming-Port - n/a
2024-05-31 15:43:17,054 [INFO] /dev/cu.usbserial-210 - USB Serial
2024-05-31 15:43:17,077 [INFO] Arduino found on port: /dev/cu.usbserial-210
2024-05-31 15:43:19,102 [INFO] Turning on ultrasound for 1 seconds on cartridge 0.
2024-05-31 15:43:19,103 [INFO] Switching relay 6 on for 1 seconds
2024-05-31 15:43:22,846 [INFO] Turning on ultrasound for 1 seconds on cartridge 1.
2024-05-31 15:43:22,847 [INFO] Switching relay 7 on for 1 seconds
2024-05-31 15:43:26,743 [INFO] Turning on pump 0 for 5 seconds.
2024-05-31 15:43:26,744 [INFO] Switching relay 0 on for 5 seconds
2024-05-31 15:43:34,641 [INFO] Turning on pump 1 for 5 seconds.
2024-05-31 15:43:34,642 [INFO] Switching relay 1 on for 5 seconds
2024-05-31 15:43:42,541 [INFO] Turning on pump 2 for 5 seconds.
2024-05-31 15:43:42,542 [INFO] Switching relay 2 on for 5 seconds
2024-05-31 15:43:50,445 [INFO] Turning on pump 3 for 5 seconds.
2024-05-31 15:43:50,446 [INFO] Switching relay 3 on for 5 seconds
2024-05-31 15:43:58,338 [INFO] Turning on pump 4 for 5 seconds.
2024-05-31 15:43:58,339 [INFO] Switching relay 4 on for 5 seconds
2024-05-31 15:44:06,236 [INFO] Turning on pump 5 for 5 seconds.
2024-05-31 15:44:06,237 [INFO] Switching relay 5 on for 5 seconds
2024-05-31 15:44:14,133 [INFO] Dispensing 1 ml from pump 0.
2024-05-31 15:44:14,133 [INFO] Turning on pump 0 for 1.0 seconds.
2024-05-31 15:44:14,133 [INFO] Switching relay 0 on for 1.0 seconds
2024-05-31 15:44:18,032 [INFO] Dispensing 1 ml from pump 1.
2024-05-31 15:44:18,033 [INFO] Turning on pump 1 for 1.0 seconds.
2024-05-31 15:44:18,034 [INFO] Switching relay 1 on for 1.0 seconds
2024-05-31 15:44:21,930 [INFO] Dispensing 1 ml from pump 2.
2024-05-31 15:44:21,930 [INFO] Turning on pump 2 for 1.0 seconds.
2024-05-31 15:44:21,930 [INFO] Switching relay 2 on for 1.0 seconds
2024-05-31 15:44:25,827 [INFO] Dispensing 1 ml from pump 3.
2024-05-31 15:44:25,828 [INFO] Turning on pump 3 for 1.0 seconds.
2024-05-31 15:44:25,828 [INFO] Switching relay 3 on for 1.0 seconds
2024-05-31 15:44:29,726 [INFO] Dispensing 1 ml from pump 4.
2024-05-31 15:44:29,726 [INFO] Turning on pump 4 for 1.0 seconds.
2024-05-31 15:44:29,726 [INFO] Switching relay 4 on for 1.0 seconds
2024-05-31 15:44:33,622 [INFO] Dispensing 1 ml from pump 5.
2024-05-31 15:44:33,623 [INFO] Turning on pump 5 for 1.0 seconds.
2024-05-31 15:44:33,623 [INFO] Switching relay 5 on for 1.0 seconds
2024-05-31 15:44:37,519 [INFO] Set temperature to 0 C
2024-05-31 15:44:39,522 [INFO] Set temperature to 35 C
2024-05-31 15:56:24,033 [INFO] List of USB ports:
2024-05-31 15:56:24,033 [INFO] /dev/cu.FairphoneEarbuds - n/a
2024-05-31 15:56:24,033 [INFO] /dev/cu.DoroDFC-0310 - n/a
2024-05-31 15:56:24,033 [INFO] /dev/cu.JabraFREEWAYv570 - n/a
2024-05-31 15:56:24,033 [INFO] /dev/cu.Bluetooth-Incoming-Port - n/a
2024-05-31 15:56:24,033 [INFO] /dev/cu.usbserial-210 - USB Serial
2024-05-31 15:56:24,056 [INFO] Arduino found on port: /dev/cu.usbserial-210
2024-05-31 15:56:26,077 [INFO] Turning on ultrasound for 1 seconds on cartridge 0.
2024-05-31 15:56:26,079 [INFO] Switching relay 6 on for 1 seconds
2024-05-31 15:56:29,763 [INFO] Turning on ultrasound for 1 seconds on cartridge 1.
2024-05-31 15:56:29,764 [INFO] Switching relay 7 on for 1 seconds
2024-05-31 15:56:33,661 [INFO] Turning on pump 0 for 1 seconds.
2024-05-31 15:56:33,662 [INFO] Switching relay 0 on for 1 seconds
2024-05-31 15:56:37,559 [INFO] Turning on pump 1 for 1 seconds.
2024-05-31 15:56:37,560 [INFO] Switching relay 1 on for 1 seconds
2024-05-31 15:56:41,457 [INFO] Turning on pump 2 for 1 seconds.
2024-05-31 15:56:41,458 [INFO] Switching relay 2 on for 1 seconds
2024-05-31 15:56:45,355 [INFO] Turning on pump 3 for 1 seconds.
2024-05-31 15:56:45,355 [INFO] Switching relay 3 on for 1 seconds
2024-05-31 15:56:49,255 [INFO] Turning on pump 4 for 1 seconds.
2024-05-31 15:56:49,256 [INFO] Switching relay 4 on for 1 seconds
2024-05-31 15:56:53,150 [INFO] Turning on pump 5 for 1 seconds.
2024-05-31 15:56:53,151 [INFO] Switching relay 5 on for 1 seconds
2024-05-31 15:56:57,048 [INFO] Set temperature to 0 C
2024-05-31 15:56:59,051 [INFO] Set temperature to 35 C
2024-05-31 15:57:08,316 [INFO] List of USB ports:
2024-05-31 15:57:08,316 [INFO] /dev/cu.FairphoneEarbuds - n/a
2024-05-31 15:57:08,317 [INFO] /dev/cu.DoroDFC-0310 - n/a
2024-05-31 15:57:08,317 [INFO] /dev/cu.JabraFREEWAYv570 - n/a
2024-05-31 15:57:08,317 [INFO] /dev/cu.Bluetooth-Incoming-Port - n/a
2024-05-31 15:57:08,317 [INFO] /dev/cu.usbserial-210 - USB Serial
2024-05-31 15:57:08,339 [INFO] Arduino found on port: /dev/cu.usbserial-210
2024-05-31 15:57:10,363 [INFO] Turning on ultrasound for 1 seconds on cartridge 0.
2024-05-31 15:57:10,364 [INFO] Switching relay 6 on for 1 seconds
2024-05-31 15:57:14,047 [INFO] Turning on ultrasound for 1 seconds on cartridge 1.
2024-05-31 15:57:14,047 [INFO] Switching relay 7 on for 1 seconds
2024-05-31 15:57:17,944 [INFO] Turning on pump 0 for 1 seconds.
2024-05-31 15:57:17,944 [INFO] Switching relay 0 on for 1 seconds
2024-05-31 15:57:21,846 [INFO] Turning on pump 1 for 1 seconds.
2024-05-31 15:57:21,846 [INFO] Switching relay 1 on for 1 seconds
2024-05-31 15:57:25,740 [INFO] Turning on pump 2 for 1 seconds.
2024-05-31 15:57:25,741 [INFO] Switching relay 2 on for 1 seconds
2024-05-31 15:57:29,638 [INFO] Turning on pump 3 for 1 seconds.
2024-05-31 15:57:29,639 [INFO] Switching relay 3 on for 1 seconds
2024-05-31 15:57:33,536 [INFO] Turning on pump 4 for 1 seconds.
2024-05-31 15:57:33,537 [INFO] Switching relay 4 on for 1 seconds
2024-05-31 15:57:37,434 [INFO] Turning on pump 5 for 1 seconds.
2024-05-31 15:57:37,435 [INFO] Switching relay 5 on for 1 seconds
2024-05-31 15:57:41,332 [INFO] Set temperature to 0 C
2024-05-31 15:57:43,339 [INFO] Set temperature to 35 C
2024-06-04 11:23:31,847 [INFO] List of USB ports:
2024-06-04 11:23:31,847 [INFO] /dev/cu.FairphoneEarbuds - n/a
2024-06-04 11:23:31,847 [INFO] /dev/cu.DoroDFC-0310 - n/a
2024-06-04 11:23:31,847 [INFO] /dev/cu.JabraFREEWAYv570 - n/a
2024-06-04 11:23:31,847 [INFO] /dev/cu.Bluetooth-Incoming-Port - n/a
2024-06-04 11:23:31,847 [INFO] /dev/cu.usbserial-110 - USB Serial
2024-06-04 11:23:31,871 [INFO] Arduino found on port: /dev/cu.usbserial-110
2024-06-04 11:23:34,936 [INFO] Set temperature to 0 C
2024-06-04 11:23:37,832 [INFO] Set temperature to 35 C
2024-06-04 11:23:39,838 [INFO] Turning on ultrasound for 1 seconds on cartridge 0.
2024-06-04 11:23:39,839 [INFO] Switching relay 6 on for 1 seconds
2024-06-04 11:23:41,728 [INFO] Turning on ultrasound for 1 seconds on cartridge 1.
2024-06-04 11:23:41,729 [INFO] Switching relay 7 on for 1 seconds
2024-06-04 11:23:45,626 [INFO] Turning on pump 0 for 1 seconds.
2024-06-04 11:23:45,626 [INFO] Switching relay 0 on for 1 seconds
2024-06-04 11:23:49,524 [INFO] Turning on pump 1 for 1 seconds.
2024-06-04 11:23:49,524 [INFO] Switching relay 1 on for 1 seconds
2024-06-04 11:23:53,420 [INFO] Turning on pump 2 for 1 seconds.
2024-06-04 11:23:53,421 [INFO] Switching relay 2 on for 1 seconds
2024-06-04 11:23:57,319 [INFO] Turning on pump 3 for 1 seconds.
2024-06-04 11:23:57,319 [INFO] Switching relay 3 on for 1 seconds
2024-06-04 11:24:01,216 [INFO] Turning on pump 4 for 1 seconds.
2024-06-04 11:24:01,216 [INFO] Switching relay 4 on for 1 seconds
2024-06-04 11:24:05,114 [INFO] Turning on pump 5 for 1 seconds.
2024-06-04 11:24:05,115 [INFO] Switching relay 5 on for 1 seconds
2024-06-04 11:24:38,437 [INFO] List of USB ports:
2024-06-04 11:24:38,437 [INFO] /dev/cu.FairphoneEarbuds - n/a
2024-06-04 11:24:38,437 [INFO] /dev/cu.DoroDFC-0310 - n/a
2024-06-04 11:24:38,438 [INFO] /dev/cu.JabraFREEWAYv570 - n/a
2024-06-04 11:24:38,438 [INFO] /dev/cu.Bluetooth-Incoming-Port - n/a
2024-06-04 11:24:38,438 [INFO] /dev/cu.usbserial-110 - USB Serial
2024-06-04 11:24:38,460 [INFO] Arduino found on port: /dev/cu.usbserial-110
2024-06-04 11:24:40,865 [INFO] Set temperature to 35 C
2024-06-04 11:24:43,759 [INFO] Set temperature to 35 C
2024-06-04 11:25:29,132 [INFO] List of USB ports:
2024-06-04 11:25:29,132 [INFO] /dev/cu.FairphoneEarbuds - n/a
2024-06-04 11:25:29,132 [INFO] /dev/cu.DoroDFC-0310 - n/a
2024-06-04 11:25:29,132 [INFO] /dev/cu.JabraFREEWAYv570 - n/a
2024-06-04 11:25:29,132 [INFO] /dev/cu.Bluetooth-Incoming-Port - n/a
2024-06-04 11:25:29,132 [INFO] /dev/cu.usbserial-110 - USB Serial
2024-06-04 11:25:29,154 [INFO] Arduino found on port: /dev/cu.usbserial-110
2024-06-04 11:25:41,185 [INFO] Set temperature to 35 C
2024-06-04 11:25:53,192 [INFO] Set temperature to 35 C
2024-06-04 11:26:36,364 [INFO] List of USB ports:
2024-06-04 11:26:36,364 [INFO] /dev/cu.FairphoneEarbuds - n/a
2024-06-04 11:26:36,364 [INFO] /dev/cu.DoroDFC-0310 - n/a
2024-06-04 11:26:36,364 [INFO] /dev/cu.JabraFREEWAYv570 - n/a
2024-06-04 11:26:36,364 [INFO] /dev/cu.Bluetooth-Incoming-Port - n/a
2024-06-04 11:26:36,364 [INFO] /dev/cu.usbserial-110 - USB Serial
2024-06-04 11:26:36,386 [INFO] Arduino found on port: /dev/cu.usbserial-110
2024-06-04 11:27:27,809 [INFO] List of USB ports:
2024-06-04 11:27:27,809 [INFO] /dev/cu.FairphoneEarbuds - n/a
2024-06-04 11:27:27,809 [INFO] /dev/cu.DoroDFC-0310 - n/a
2024-06-04 11:27:27,809 [INFO] /dev/cu.JabraFREEWAYv570 - n/a
2024-06-04 11:27:27,809 [INFO] /dev/cu.Bluetooth-Incoming-Port - n/a
2024-06-04 11:27:27,809 [INFO] /dev/cu.usbserial-110 - USB Serial
2024-06-04 11:27:27,831 [INFO] Arduino found on port: /dev/cu.usbserial-110
2024-06-04 11:27:39,862 [INFO] Set temperature to 35 C
2024-06-04 11:28:21,871 [INFO] Set temperature to 35 C
2024-06-04 11:49:08,335 [INFO] List of USB ports:
2024-06-04 11:49:08,335 [INFO] /dev/cu.FairphoneEarbuds - n/a
2024-06-04 11:49:08,335 [INFO] /dev/cu.DoroDFC-0310 - n/a
2024-06-04 11:49:08,335 [INFO] /dev/cu.JabraFREEWAYv570 - n/a
2024-06-04 11:49:08,335 [INFO] /dev/cu.Bluetooth-Incoming-Port - n/a
2024-06-04 11:49:08,335 [INFO] /dev/cu.usbserial-110 - USB Serial
2024-06-04 11:49:08,358 [INFO] Arduino found on port: /dev/cu.usbserial-110
2024-06-04 11:49:13,086 [INFO] Set temperature to 35 C
2024-06-04 11:49:15,986 [INFO] Set temperature to 35 C
2024-06-04 11:50:07,893 [INFO] List of USB ports:
2024-06-04 11:50:07,893 [INFO] /dev/cu.FairphoneEarbuds - n/a
2024-06-04 11:50:07,893 [INFO] /dev/cu.DoroDFC-0310 - n/a
2024-06-04 11:50:07,893 [INFO] /dev/cu.JabraFREEWAYv570 - n/a
2024-06-04 11:50:07,893 [INFO] /dev/cu.Bluetooth-Incoming-Port - n/a
2024-06-04 11:50:07,893 [INFO] /dev/cu.usbserial-110 - USB Serial
2024-06-04 11:50:07,916 [INFO] Arduino found on port: /dev/cu.usbserial-110
2024-06-04 11:50:12,009 [INFO] Set temperature to 20 C
2024-06-04 11:50:14,906 [INFO] Set temperature to 35 C
2024-06-04 12:28:57,212 [INFO] List of USB ports:
2024-06-04 12:28:57,212 [INFO] /dev/cu.FairphoneEarbuds - n/a
2024-06-04 12:28:57,212 [INFO] /dev/cu.DoroDFC-0310 - n/a
2024-06-04 12:28:57,212 [INFO] /dev/cu.JabraFREEWAYv570 - n/a
2024-06-04 12:28:57,212 [INFO] /dev/cu.Bluetooth-Incoming-Port - n/a
2024-06-04 12:28:57,212 [INFO] /dev/cu.usbserial-110 - USB Serial
2024-06-04 12:28:57,234 [INFO] Arduino found on port: /dev/cu.usbserial-110
2024-06-04 12:28:59,722 [INFO] Set temperature to 20 C
2024-06-04 12:29:01,120 [INFO] Set temperature to 35 C
2024-06-04 12:29:01,120 [INFO] Turning on ultrasound for 1 seconds on cartridge 0.
2024-06-04 12:29:01,121 [INFO] Switching relay 6 on for 1 seconds
2024-06-04 12:29:03,513 [INFO] Turning on ultrasound for 1 seconds on cartridge 1.
2024-06-04 12:29:03,514 [INFO] Switching relay 7 on for 1 seconds
2024-06-04 12:29:05,909 [INFO] Turning on pump 0 for 1 seconds.
2024-06-04 12:29:05,910 [INFO] Switching relay 0 on for 1 seconds
2024-06-04 12:29:08,304 [INFO] Turning on pump 1 for 1 seconds.
2024-06-04 12:29:08,305 [INFO] Switching relay 1 on for 1 seconds
2024-06-04 12:29:10,700 [INFO] Turning on pump 2 for 1 seconds.
2024-06-04 12:29:10,701 [INFO] Switching relay 2 on for 1 seconds
2024-06-04 12:29:13,096 [INFO] Turning on pump 3 for 1 seconds.
2024-06-04 12:29:13,097 [INFO] Switching relay 3 on for 1 seconds
2024-06-04 12:29:15,491 [INFO] Turning on pump 4 for 1 seconds.
2024-06-04 12:29:15,492 [INFO] Switching relay 4 on for 1 seconds
2024-06-04 12:29:17,887 [INFO] Turning on pump 5 for 1 seconds.
2024-06-04 12:29:17,887 [INFO] Switching relay 5 on for 1 seconds
2024-06-04 12:31:45,082 [INFO] List of USB ports:
2024-06-04 12:31:45,082 [INFO] /dev/cu.FairphoneEarbuds - n/a
2024-06-04 12:31:45,082 [INFO] /dev/cu.DoroDFC-0310 - n/a
2024-06-04 12:31:45,082 [INFO] /dev/cu.JabraFREEWAYv570 - n/a
2024-06-04 12:31:45,082 [INFO] /dev/cu.Bluetooth-Incoming-Port - n/a
2024-06-04 12:31:45,082 [INFO] /dev/cu.usbserial-110 - USB Serial
2024-06-04 12:31:45,105 [INFO] Arduino found on port: /dev/cu.usbserial-110
2024-06-04 12:31:47,129 [INFO] Turning on pump 0 for 10 seconds.
2024-06-04 12:31:47,130 [INFO] Switching relay 0 on for 10 seconds
2024-06-04 12:32:05,286 [INFO] List of USB ports:
2024-06-04 12:32:05,286 [INFO] /dev/cu.FairphoneEarbuds - n/a
2024-06-04 12:32:05,286 [INFO] /dev/cu.DoroDFC-0310 - n/a
2024-06-04 12:32:05,286 [INFO] /dev/cu.JabraFREEWAYv570 - n/a
2024-06-04 12:32:05,287 [INFO] /dev/cu.Bluetooth-Incoming-Port - n/a
2024-06-04 12:32:05,287 [INFO] /dev/cu.usbserial-110 - USB Serial
2024-06-04 12:32:05,309 [INFO] Arduino found on port: /dev/cu.usbserial-110
2024-06-04 12:32:07,333 [INFO] Turning on pump 0 for 10 seconds.
2024-06-04 12:32:07,334 [INFO] Switching relay 0 on for 10 seconds
2024-06-04 12:32:34,285 [INFO] List of USB ports:
2024-06-04 12:32:34,285 [INFO] /dev/cu.FairphoneEarbuds - n/a
2024-06-04 12:32:34,285 [INFO] /dev/cu.DoroDFC-0310 - n/a
2024-06-04 12:32:34,285 [INFO] /dev/cu.JabraFREEWAYv570 - n/a
2024-06-04 12:32:34,285 [INFO] /dev/cu.Bluetooth-Incoming-Port - n/a
2024-06-04 12:32:34,285 [INFO] /dev/cu.usbserial-110 - USB Serial
2024-06-04 12:32:34,308 [INFO] Arduino found on port: /dev/cu.usbserial-110
2024-06-04 12:32:36,332 [INFO] Turning on pump 1 for 20 seconds.
2024-06-04 12:32:36,333 [INFO] Switching relay 1 on for 20 seconds
2024-06-04 12:33:29,728 [INFO] List of USB ports:
2024-06-04 12:33:29,729 [INFO] /dev/cu.FairphoneEarbuds - n/a
2024-06-04 12:33:29,729 [INFO] /dev/cu.DoroDFC-0310 - n/a
2024-06-04 12:33:29,729 [INFO] /dev/cu.JabraFREEWAYv570 - n/a
2024-06-04 12:33:29,729 [INFO] /dev/cu.Bluetooth-Incoming-Port - n/a
2024-06-04 12:33:29,729 [INFO] /dev/cu.usbserial-110 - USB Serial
2024-06-04 12:33:29,752 [INFO] Arduino found on port: /dev/cu.usbserial-110
2024-06-04 12:33:31,776 [INFO] Turning on pump 0 for 1 seconds.
2024-06-04 12:33:31,776 [INFO] Switching relay 0 on for 1 seconds
2024-06-04 12:34:14,180 [INFO] List of USB ports:
2024-06-04 12:34:14,180 [INFO] /dev/cu.FairphoneEarbuds - n/a
2024-06-04 12:34:14,180 [INFO] /dev/cu.DoroDFC-0310 - n/a
2024-06-04 12:34:14,180 [INFO] /dev/cu.JabraFREEWAYv570 - n/a
2024-06-04 12:34:14,180 [INFO] /dev/cu.Bluetooth-Incoming-Port - n/a
2024-06-04 12:34:14,180 [INFO] /dev/cu.usbserial-110 - USB Serial
2024-06-04 12:34:14,202 [INFO] Arduino found on port: /dev/cu.usbserial-110
2024-06-04 12:34:16,226 [INFO] Turning on pump 0 for 15 seconds.
2024-06-04 12:34:16,227 [INFO] Switching relay 0 on for 15 seconds
2024-06-04 12:35:00,255 [INFO] List of USB ports:
2024-06-04 12:35:00,255 [INFO] /dev/cu.FairphoneEarbuds - n/a
2024-06-04 12:35:00,255 [INFO] /dev/cu.DoroDFC-0310 - n/a
2024-06-04 12:35:00,255 [INFO] /dev/cu.JabraFREEWAYv570 - n/a
2024-06-04 12:35:00,255 [INFO] /dev/cu.Bluetooth-Incoming-Port - n/a
2024-06-04 12:35:00,255 [INFO] /dev/cu.usbserial-110 - USB Serial
2024-06-04 12:35:00,277 [INFO] Arduino found on port: /dev/cu.usbserial-110
2024-06-04 12:35:02,297 [INFO] Turning on pump 0 for 15 seconds.
2024-06-04 12:35:02,298 [INFO] Switching relay 0 on for 15 seconds
2024-06-04 12:40:09,592 [INFO] List of USB ports:
2024-06-04 12:40:09,592 [INFO] /dev/cu.FairphoneEarbuds - n/a
2024-06-04 12:40:09,592 [INFO] /dev/cu.DoroDFC-0310 - n/a
2024-06-04 12:40:09,592 [INFO] /dev/cu.JabraFREEWAYv570 - n/a
2024-06-04 12:40:09,592 [INFO] /dev/cu.Bluetooth-Incoming-Port - n/a
2024-06-04 12:40:09,592 [INFO] /dev/cu.usbserial-110 - USB Serial
2024-06-04 12:40:09,615 [INFO] Arduino found on port: /dev/cu.usbserial-110
2024-06-04 12:40:11,642 [INFO] Turning on pump 0 for 0.5 seconds.
2024-06-04 12:40:11,643 [INFO] Switching relay 0 on for 0.5 seconds
2024-06-04 12:40:22,759 [INFO] Turning on pump 0 for 1 seconds.
2024-06-04 12:40:22,760 [INFO] Switching relay 0 on for 1 seconds
2024-06-04 12:40:34,910 [INFO] Turning on pump 0 for 2 seconds.
2024-06-04 12:40:34,910 [INFO] Switching relay 0 on for 2 seconds
2024-06-04 12:40:48,055 [INFO] Turning on pump 0 for 5 seconds.
2024-06-04 12:40:48,056 [INFO] Switching relay 0 on for 5 seconds
2024-06-04 12:41:04,206 [INFO] Turning on pump 0 for 10 seconds.
2024-06-04 12:41:04,207 [INFO] Switching relay 0 on for 10 seconds
2024-06-04 12:41:25,356 [INFO] Turning on pump 0 for 15 seconds.
2024-06-04 12:41:25,357 [INFO] Switching relay 0 on for 15 seconds
2024-06-04 12:42:50,193 [INFO] List of USB ports:
2024-06-04 12:42:50,193 [INFO] /dev/cu.FairphoneEarbuds - n/a
2024-06-04 12:42:50,193 [INFO] /dev/cu.DoroDFC-0310 - n/a
2024-06-04 12:42:50,193 [INFO] /dev/cu.JabraFREEWAYv570 - n/a
2024-06-04 12:42:50,193 [INFO] /dev/cu.Bluetooth-Incoming-Port - n/a
2024-06-04 12:42:50,193 [INFO] /dev/cu.usbserial-110 - USB Serial
2024-06-04 12:42:50,215 [INFO] Arduino found on port: /dev/cu.usbserial-110
2024-06-04 12:42:52,239 [INFO] Turning on pump 0 for 0.5 seconds.
2024-06-04 12:42:52,240 [INFO] Switching relay 0 on for 0.5 seconds
2024-06-04 12:43:18,440 [INFO] List of USB ports:
2024-06-04 12:43:18,441 [INFO] /dev/cu.FairphoneEarbuds - n/a
2024-06-04 12:43:18,441 [INFO] /dev/cu.DoroDFC-0310 - n/a
2024-06-04 12:43:18,441 [INFO] /dev/cu.JabraFREEWAYv570 - n/a
2024-06-04 12:43:18,441 [INFO] /dev/cu.Bluetooth-Incoming-Port - n/a
2024-06-04 12:43:18,441 [INFO] /dev/cu.usbserial-110 - USB Serial
2024-06-04 12:43:18,464 [INFO] Arduino found on port: /dev/cu.usbserial-110
2024-06-04 12:43:20,487 [INFO] Turning on pump 0 for 15 seconds.
2024-06-04 12:43:20,488 [INFO] Switching relay 0 on for 15 seconds
2024-06-04 12:43:35,926 [INFO] Turning on pump 0 for 0.5 seconds.
2024-06-04 12:43:35,927 [INFO] Switching relay 0 on for 0.5 seconds
2024-06-04 12:44:04,427 [INFO] List of USB ports:
2024-06-04 12:44:04,428 [INFO] /dev/cu.FairphoneEarbuds - n/a
2024-06-04 12:44:04,428 [INFO] /dev/cu.DoroDFC-0310 - n/a
2024-06-04 12:44:04,428 [INFO] /dev/cu.JabraFREEWAYv570 - n/a
2024-06-04 12:44:04,428 [INFO] /dev/cu.Bluetooth-Incoming-Port - n/a
2024-06-04 12:44:04,428 [INFO] /dev/cu.usbserial-110 - USB Serial
2024-06-04 12:44:04,451 [INFO] Arduino found on port: /dev/cu.usbserial-110
2024-06-04 12:44:06,475 [INFO] Turning on pump 0 for 0.5 seconds.
2024-06-04 12:44:06,476 [INFO] Switching relay 0 on for 0.5 seconds
2024-06-04 12:44:17,585 [INFO] Turning on pump 0 for 1 seconds.
2024-06-04 12:44:17,586 [INFO] Switching relay 0 on for 1 seconds
2024-06-04 12:44:29,732 [INFO] Turning on pump 0 for 2 seconds.
2024-06-04 12:44:29,733 [INFO] Switching relay 0 on for 2 seconds
2024-06-04 12:44:42,882 [INFO] Turning on pump 0 for 5 seconds.
2024-06-04 12:44:42,883 [INFO] Switching relay 0 on for 5 seconds
2024-06-04 12:44:59,029 [INFO] Turning on pump 0 for 10 seconds.
2024-06-04 12:44:59,030 [INFO] Switching relay 0 on for 10 seconds
2024-06-04 12:45:20,182 [INFO] Turning on pump 0 for 15 seconds.
2024-06-04 12:45:20,183 [INFO] Switching relay 0 on for 15 seconds
2024-06-04 12:45:54,700 [INFO] List of USB ports:
2024-06-04 12:45:54,700 [INFO] /dev/cu.FairphoneEarbuds - n/a
2024-06-04 12:45:54,700 [INFO] /dev/cu.DoroDFC-0310 - n/a
2024-06-04 12:45:54,700 [INFO] /dev/cu.JabraFREEWAYv570 - n/a
2024-06-04 12:45:54,700 [INFO] /dev/cu.Bluetooth-Incoming-Port - n/a
2024-06-04 12:45:54,700 [INFO] /dev/cu.usbserial-110 - USB Serial
2024-06-04 12:45:54,723 [INFO] Arduino found on port: /dev/cu.usbserial-110
2024-06-04 12:45:56,746 [INFO] Turning on pump 0 for 0.5 seconds.
2024-06-04 12:45:56,747 [INFO] Switching relay 0 on for 0.5 seconds
2024-06-04 12:46:07,735 [INFO] Turning on pump 0 for 1 seconds.
2024-06-04 12:46:07,736 [INFO] Switching relay 0 on for 1 seconds
2024-06-04 12:46:19,883 [INFO] Turning on pump 0 for 2 seconds.
2024-06-04 12:46:19,884 [INFO] Switching relay 0 on for 2 seconds
2024-06-04 12:46:33,032 [INFO] Turning on pump 0 for 5 seconds.
2024-06-04 12:46:33,033 [INFO] Switching relay 0 on for 5 seconds
2024-06-04 12:46:49,182 [INFO] Turning on pump 0 for 10 seconds.
2024-06-04 12:46:49,183 [INFO] Switching relay 0 on for 10 seconds
2024-06-04 12:47:10,331 [INFO] Turning on pump 0 for 15 seconds.
2024-06-04 12:47:10,332 [INFO] Switching relay 0 on for 15 seconds
2024-06-04 12:47:43,286 [INFO] List of USB ports:
2024-06-04 12:47:43,286 [INFO] /dev/cu.FairphoneEarbuds - n/a
2024-06-04 12:47:43,286 [INFO] /dev/cu.DoroDFC-0310 - n/a
2024-06-04 12:47:43,286 [INFO] /dev/cu.JabraFREEWAYv570 - n/a
2024-06-04 12:47:43,286 [INFO] /dev/cu.Bluetooth-Incoming-Port - n/a
2024-06-04 12:47:43,287 [INFO] /dev/cu.usbserial-110 - USB Serial
2024-06-04 12:47:43,310 [INFO] Arduino found on port: /dev/cu.usbserial-110
2024-06-04 12:47:45,333 [INFO] Turning on pump 0 for 0.5 seconds.
2024-06-04 12:47:45,334 [INFO] Switching relay 0 on for 0.5 seconds
2024-06-04 12:47:56,493 [INFO] Turning on pump 0 for 1 seconds.
2024-06-04 12:47:56,494 [INFO] Switching relay 0 on for 1 seconds
2024-06-04 12:48:08,642 [INFO] Turning on pump 0 for 2 seconds.
2024-06-04 12:48:08,647 [INFO] Switching relay 0 on for 2 seconds
2024-06-04 12:48:21,790 [INFO] Turning on pump 0 for 5 seconds.
2024-06-04 12:48:21,791 [INFO] Switching relay 0 on for 5 seconds
2024-06-04 12:48:37,940 [INFO] Turning on pump 0 for 10 seconds.
2024-06-04 12:48:37,941 [INFO] Switching relay 0 on for 10 seconds
2024-06-04 12:48:59,089 [INFO] Turning on pump 0 for 15 seconds.
2024-06-04 12:48:59,090 [INFO] Switching relay 0 on for 15 seconds
2024-06-04 12:49:34,860 [INFO] List of USB ports:
2024-06-04 12:49:34,860 [INFO] /dev/cu.FairphoneEarbuds - n/a
2024-06-04 12:49:34,860 [INFO] /dev/cu.DoroDFC-0310 - n/a
2024-06-04 12:49:34,860 [INFO] /dev/cu.JabraFREEWAYv570 - n/a
2024-06-04 12:49:34,860 [INFO] /dev/cu.Bluetooth-Incoming-Port - n/a
2024-06-04 12:49:34,860 [INFO] /dev/cu.usbserial-110 - USB Serial
2024-06-04 12:49:34,882 [INFO] Arduino found on port: /dev/cu.usbserial-110
2024-06-04 12:49:36,906 [INFO] Turning on pump 0 for 0.5 seconds.
2024-06-04 12:49:36,907 [INFO] Switching relay 0 on for 0.5 seconds
2024-06-04 12:49:48,036 [INFO] Turning on pump 0 for 1 seconds.
2024-06-04 12:49:48,037 [INFO] Switching relay 0 on for 1 seconds
2024-06-04 12:50:00,186 [INFO] Turning on pump 0 for 2 seconds.
2024-06-04 12:50:00,187 [INFO] Switching relay 0 on for 2 seconds
2024-06-04 12:50:13,335 [INFO] Turning on pump 0 for 5 seconds.
2024-06-04 12:50:13,336 [INFO] Switching relay 0 on for 5 seconds
2024-06-04 12:50:29,484 [INFO] Turning on pump 0 for 10 seconds.
2024-06-04 12:50:29,485 [INFO] Switching relay 0 on for 10 seconds
2024-06-04 12:50:50,635 [INFO] Turning on pump 0 for 15 seconds.
2024-06-04 12:50:50,636 [INFO] Switching relay 0 on for 15 seconds
2024-06-04 13:03:10,492 [INFO] List of USB ports:
2024-06-04 13:03:10,492 [INFO] /dev/cu.FairphoneEarbuds - n/a
2024-06-04 13:03:10,492 [INFO] /dev/cu.DoroDFC-0310 - n/a
2024-06-04 13:03:10,492 [INFO] /dev/cu.JabraFREEWAYv570 - n/a
2024-06-04 13:03:10,492 [INFO] /dev/cu.Bluetooth-Incoming-Port - n/a
2024-06-04 13:03:10,492 [INFO] /dev/cu.usbserial-110 - USB Serial
2024-06-04 13:03:10,514 [INFO] Arduino found on port: /dev/cu.usbserial-110
2024-06-04 13:03:12,778 [INFO] Set temperature to 0 C
2024-06-04 13:03:14,175 [INFO] Set temperature to 0 C
2024-06-04 13:03:14,176 [INFO] Turning on pump 1 for 0.5 seconds.
2024-06-04 13:03:14,176 [INFO] Switching relay 1 on for 0.5 seconds
2024-06-04 13:03:26,073 [INFO] Turning on pump 1 for 1 seconds.
2024-06-04 13:03:26,074 [INFO] Switching relay 1 on for 1 seconds
2024-06-04 13:03:38,219 [INFO] Turning on pump 1 for 2 seconds.
2024-06-04 13:03:38,220 [INFO] Switching relay 1 on for 2 seconds
2024-06-04 13:03:51,363 [INFO] Turning on pump 1 for 5 seconds.
2024-06-04 13:03:51,364 [INFO] Switching relay 1 on for 5 seconds
2024-06-04 13:04:07,512 [INFO] Turning on pump 1 for 10 seconds.
2024-06-04 13:04:07,513 [INFO] Switching relay 1 on for 10 seconds
2024-06-04 13:04:28,657 [INFO] Turning on pump 1 for 15 seconds.
2024-06-04 13:04:28,658 [INFO] Switching relay 1 on for 15 seconds
2024-06-04 13:05:03,583 [INFO] List of USB ports:
2024-06-04 13:05:03,583 [INFO] /dev/cu.FairphoneEarbuds - n/a
2024-06-04 13:05:03,583 [INFO] /dev/cu.DoroDFC-0310 - n/a
2024-06-04 13:05:03,583 [INFO] /dev/cu.JabraFREEWAYv570 - n/a
2024-06-04 13:05:03,583 [INFO] /dev/cu.Bluetooth-Incoming-Port - n/a
2024-06-04 13:05:03,583 [INFO] /dev/cu.usbserial-110 - USB Serial
2024-06-04 13:05:03,605 [INFO] Arduino found on port: /dev/cu.usbserial-110
2024-06-04 13:05:05,702 [INFO] Set temperature to 0 C
2024-06-04 13:05:07,096 [INFO] Set temperature to 0 C
2024-06-04 13:05:07,097 [INFO] Turning on pump 1 for 0.5 seconds.
2024-06-04 13:05:07,097 [INFO] Switching relay 1 on for 0.5 seconds
2024-06-04 13:05:18,992 [INFO] Turning on pump 1 for 1 seconds.
2024-06-04 13:05:18,993 [INFO] Switching relay 1 on for 1 seconds
2024-06-04 13:05:31,144 [INFO] Turning on pump 1 for 2 seconds.
2024-06-04 13:05:31,158 [INFO] Switching relay 1 on for 2 seconds
2024-06-04 13:05:44,284 [INFO] Turning on pump 1 for 5 seconds.
2024-06-04 13:05:44,285 [INFO] Switching relay 1 on for 5 seconds
2024-06-04 13:06:00,434 [INFO] Turning on pump 1 for 10 seconds.
2024-06-04 13:06:00,435 [INFO] Switching relay 1 on for 10 seconds
2024-06-04 13:06:21,583 [INFO] Turning on pump 1 for 15 seconds.
2024-06-04 13:06:21,583 [INFO] Switching relay 1 on for 15 seconds
2024-06-04 13:07:18,475 [INFO] List of USB ports:
2024-06-04 13:07:18,475 [INFO] /dev/cu.FairphoneEarbuds - n/a
2024-06-04 13:07:18,475 [INFO] /dev/cu.DoroDFC-0310 - n/a
2024-06-04 13:07:18,475 [INFO] /dev/cu.JabraFREEWAYv570 - n/a
2024-06-04 13:07:18,475 [INFO] /dev/cu.Bluetooth-Incoming-Port - n/a
2024-06-04 13:07:18,475 [INFO] /dev/cu.usbserial-110 - USB Serial
2024-06-04 13:07:18,498 [INFO] Arduino found on port: /dev/cu.usbserial-110
2024-06-04 13:07:20,522 [INFO] Turning on pump 1 for 0.5 seconds.
2024-06-04 13:07:20,523 [INFO] Switching relay 1 on for 0.5 seconds
2024-06-04 13:07:31,412 [INFO] Turning on pump 1 for 1 seconds.
2024-06-04 13:07:31,412 [INFO] Switching relay 1 on for 1 seconds
2024-06-04 13:07:43,558 [INFO] Turning on pump 1 for 2 seconds.
2024-06-04 13:07:43,559 [INFO] Switching relay 1 on for 2 seconds
2024-06-04 13:07:56,707 [INFO] Turning on pump 1 for 5 seconds.
2024-06-04 13:07:56,708 [INFO] Switching relay 1 on for 5 seconds
2024-06-04 13:08:12,854 [INFO] Turning on pump 1 for 10 seconds.
2024-06-04 13:08:12,855 [INFO] Switching relay 1 on for 10 seconds
2024-06-04 13:08:34,001 [INFO] Turning on pump 1 for 15 seconds.
2024-06-04 13:08:34,001 [INFO] Switching relay 1 on for 15 seconds
2024-06-04 13:20:49,348 [INFO] List of USB ports:
2024-06-04 13:20:49,348 [INFO] /dev/cu.FairphoneEarbuds - n/a
2024-06-04 13:20:49,348 [INFO] /dev/cu.DoroDFC-0310 - n/a
2024-06-04 13:20:49,349 [INFO] /dev/cu.JabraFREEWAYv570 - n/a
2024-06-04 13:20:49,349 [INFO] /dev/cu.Bluetooth-Incoming-Port - n/a
2024-06-04 13:20:49,349 [INFO] /dev/cu.usbserial-110 - USB Serial
2024-06-04 13:20:49,371 [INFO] Arduino found on port: /dev/cu.usbserial-110
2024-06-04 13:20:51,395 [INFO] Turning on pump 1 for 0.5 seconds.
2024-06-04 13:20:51,396 [INFO] Switching relay 1 on for 0.5 seconds
2024-06-04 13:20:55,057 [INFO] Turning on pump 1 for 1 seconds.
2024-06-04 13:20:55,058 [INFO] Switching relay 1 on for 1 seconds
2024-06-04 13:21:00,234 [INFO] Turning on pump 1 for 2 seconds.
2024-06-04 13:21:00,235 [INFO] Switching relay 1 on for 2 seconds
2024-06-04 13:21:06,418 [INFO] Turning on pump 1 for 5 seconds.
2024-06-04 13:21:06,419 [INFO] Switching relay 1 on for 5 seconds
2024-06-04 13:21:15,601 [INFO] Turning on pump 1 for 10 seconds.
2024-06-04 13:21:15,602 [INFO] Switching relay 1 on for 10 seconds
2024-06-04 13:21:29,783 [INFO] Turning on pump 1 for 15 seconds.
2024-06-04 13:21:29,785 [INFO] Switching relay 1 on for 15 seconds
2024-06-04 14:25:54,264 [INFO] List of USB ports:
2024-06-04 14:25:54,265 [INFO] /dev/cu.FairphoneEarbuds - n/a
2024-06-04 14:25:54,265 [INFO] /dev/cu.DoroDFC-0310 - n/a
2024-06-04 14:25:54,265 [INFO] /dev/cu.JabraFREEWAYv570 - n/a
2024-06-04 14:25:54,265 [INFO] /dev/cu.Bluetooth-Incoming-Port - n/a
2024-06-04 14:25:54,265 [INFO] /dev/cu.usbserial-110 - USB Serial
2024-06-04 14:25:54,289 [INFO] Arduino found on port: /dev/cu.usbserial-110
2024-06-04 14:29:17,715 [INFO] List of USB ports:
2024-06-04 14:29:17,715 [INFO] /dev/cu.FairphoneEarbuds - n/a
2024-06-04 14:29:17,715 [INFO] /dev/cu.DoroDFC-0310 - n/a
2024-06-04 14:29:17,715 [INFO] /dev/cu.JabraFREEWAYv570 - n/a
2024-06-04 14:29:17,715 [INFO] /dev/cu.Bluetooth-Incoming-Port - n/a
2024-06-04 14:29:17,715 [INFO] /dev/cu.usbserial-110 - USB Serial
2024-06-04 14:29:17,738 [INFO] Arduino found on port: /dev/cu.usbserial-110
2024-06-04 14:29:54,392 [INFO] List of USB ports:
2024-06-04 14:29:54,392 [INFO] /dev/cu.FairphoneEarbuds - n/a
2024-06-04 14:29:54,392 [INFO] /dev/cu.DoroDFC-0310 - n/a
2024-06-04 14:29:54,392 [INFO] /dev/cu.JabraFREEWAYv570 - n/a
2024-06-04 14:29:54,392 [INFO] /dev/cu.Bluetooth-Incoming-Port - n/a
2024-06-04 14:29:54,392 [INFO] /dev/cu.usbserial-110 - USB Serial
2024-06-04 14:29:54,415 [INFO] Arduino found on port: /dev/cu.usbserial-110
2024-06-04 14:29:56,439 [INFO] Turning on pump 0 for 20 seconds.
2024-06-04 14:29:56,439 [INFO] Switching relay 0 on for 20 seconds
2024-06-04 14:30:17,723 [INFO] Turning on pump 1 for 20 seconds.
2024-06-04 14:30:17,725 [INFO] Switching relay 1 on for 20 seconds
2024-06-04 14:30:39,123 [INFO] Turning on pump 1 for 0.5 seconds.
2024-06-04 14:30:39,127 [INFO] Switching relay 1 on for 0.5 seconds
2024-06-04 14:30:44,025 [INFO] Turning on pump 1 for 1 seconds.
2024-06-04 14:30:44,031 [INFO] Switching relay 1 on for 1 seconds
2024-06-04 14:30:48,897 [INFO] List of USB ports:
2024-06-04 14:30:48,897 [INFO] /dev/cu.FairphoneEarbuds - n/a
2024-06-04 14:30:48,897 [INFO] /dev/cu.DoroDFC-0310 - n/a
2024-06-04 14:30:48,897 [INFO] /dev/cu.JabraFREEWAYv570 - n/a
2024-06-04 14:30:48,897 [INFO] /dev/cu.Bluetooth-Incoming-Port - n/a
2024-06-04 14:30:48,897 [INFO] /dev/cu.usbserial-110 - USB Serial
2024-06-04 14:30:48,921 [INFO] Arduino found on port: /dev/cu.usbserial-110
2024-06-04 14:30:50,945 [INFO] Turning on pump 0 for 20 seconds.
2024-06-04 14:30:50,945 [INFO] Switching relay 0 on for 20 seconds
2024-06-04 14:31:11,778 [INFO] Turning on pump 1 for 20 seconds.
2024-06-04 14:31:11,779 [INFO] Switching relay 1 on for 20 seconds
